[08-Nov-2024 12:23:09 America/Tegucigalpa] PHP Fatal error:  Uncaught Error: Class "Firebase\JWT\JWT" not found in C:\xampp\htdocs\api-rest-composer\src\config\Security.php:56
Stack trace:
#0 C:\xampp\htdocs\api-rest-composer\src\routes\auth.php(20): App\Config\Security::createTokenJwt('\xE2\x80\x9C12345HOLAMUN...', Array)
#1 C:\xampp\htdocs\api-rest-composer\public\index.php(22): require('C:\\xampp\\htdocs...')
#2 {main}
  thrown in C:\xampp\htdocs\api-rest-composer\src\config\Security.php on line 56
[08-Nov-2024 12:24:52 America/Tegucigalpa] PHP Fatal error:  Uncaught Error: Class "Firebase\JWT\JWT" not found in C:\xampp\htdocs\api-rest-composer\src\config\Security.php:56
Stack trace:
#0 C:\xampp\htdocs\api-rest-composer\src\routes\auth.php(20): App\Config\Security::createTokenJwt('\xE2\x80\x9C12345HOLAMUN...', Array)
#1 C:\xampp\htdocs\api-rest-composer\public\index.php(22): require('C:\\xampp\\htdocs...')
#2 {main}
  thrown in C:\xampp\htdocs\api-rest-composer\src\config\Security.php on line 56
[08-Nov-2024 12:25:38 America/Tegucigalpa] PHP Fatal error:  Uncaught Error: Class "Firebase\JWT\JWT" not found in C:\xampp\htdocs\api-rest-composer\src\config\Security.php:56
Stack trace:
#0 C:\xampp\htdocs\api-rest-composer\src\routes\auth.php(20): App\Config\Security::createTokenJwt('\xE2\x80\x9C12345HOLAMUN...', Array)
#1 C:\xampp\htdocs\api-rest-composer\public\index.php(22): require('C:\\xampp\\htdocs...')
#2 {main}
  thrown in C:\xampp\htdocs\api-rest-composer\src\config\Security.php on line 56
[08-Nov-2024 12:28:47 America/Tegucigalpa] PHP Fatal error:  Uncaught Error: Class "Firebase\JWT\JWT" not found in C:\xampp\htdocs\api-rest-composer\src\config\Security.php:56
Stack trace:
#0 C:\xampp\htdocs\api-rest-composer\src\routes\auth.php(20): App\Config\Security::createTokenJwt('\xE2\x80\x9C12345HOLAMUN...', Array)
#1 C:\xampp\htdocs\api-rest-composer\public\index.php(22): require('C:\\xampp\\htdocs...')
#2 {main}
  thrown in C:\xampp\htdocs\api-rest-composer\src\config\Security.php on line 56
[10-Nov-2024 22:23:54 America/Tegucigalpa] Esto es una prueba de un error
[10-Nov-2024 22:24:03 America/Tegucigalpa] PHP Fatal error:  Uncaught Error: Class "Firebase\JWT\JWT" not found in C:\xampp\htdocs\api-rest-composer\src\config\Security.php:56
Stack trace:
#0 C:\xampp\htdocs\api-rest-composer\src\routes\auth.php(20): App\Config\Security::createTokenJwt('\xE2\x80\x9C12345HOLAMUN...', Array)
#1 C:\xampp\htdocs\api-rest-composer\public\index.php(22): require('C:\\xampp\\htdocs...')
#2 {main}
  thrown in C:\xampp\htdocs\api-rest-composer\src\config\Security.php on line 56
[10-Nov-2024 22:25:19 America/Tegucigalpa] Esto es una prueba de un error
[10-Nov-2024 22:30:10 America/Tegucigalpa] PHP Fatal error:  Uncaught Error: Class "Firebase\JWT\JWT" not found in C:\xampp\htdocs\api-rest-composer\src\config\Security.php:56
Stack trace:
#0 C:\xampp\htdocs\api-rest-composer\src\routes\auth.php(20): App\Config\Security::createTokenJwt('\xE2\x80\x9C12345HOLAMUN...', Array)
#1 C:\xampp\htdocs\api-rest-composer\public\index.php(22): require('C:\\xampp\\htdocs...')
#2 {main}
  thrown in C:\xampp\htdocs\api-rest-composer\src\config\Security.php on line 56
[11-Nov-2024 08:50:03 America/Tegucigalpa] PHP Fatal error:  Uncaught Error: Class "Firebase\JWT\JWT" not found in C:\xampp\htdocs\api-rest-composer\src\config\Security.php:56
Stack trace:
#0 C:\xampp\htdocs\api-rest-composer\src\routes\auth.php(20): App\Config\Security::createTokenJwt('\xE2\x80\x9C12345HOLAMUN...', Array)
#1 C:\xampp\htdocs\api-rest-composer\public\index.php(22): require('C:\\xampp\\htdocs...')
#2 {main}
  thrown in C:\xampp\htdocs\api-rest-composer\src\config\Security.php on line 56
[11-Nov-2024 19:14:23 America/Tegucigalpa] PHP Fatal error:  Uncaught Error: Class "Firebase\JWT\JWT" not found in C:\xampp\htdocs\api-rest-composer\src\config\Security.php:56
Stack trace:
#0 C:\xampp\htdocs\api-rest-composer\src\routes\auth.php(20): App\Config\Security::createTokenJwt('\xE2\x80\x9C12345HOLAMUN...', Array)
#1 C:\xampp\htdocs\api-rest-composer\public\index.php(22): require('C:\\xampp\\htdocs...')
#2 {main}
  thrown in C:\xampp\htdocs\api-rest-composer\src\config\Security.php on line 56
[11-Nov-2024 19:17:15 America/Tegucigalpa] PHP Fatal error:  Uncaught Error: Class "Firebase\JWT\JWT" not found in C:\xampp\htdocs\api-rest-composer\src\config\Security.php:56
Stack trace:
#0 C:\xampp\htdocs\api-rest-composer\src\routes\auth.php(20): App\Config\Security::createTokenJwt('\xE2\x80\x9C12345HOLAMUN...', Array)
#1 C:\xampp\htdocs\api-rest-composer\public\index.php(22): require('C:\\xampp\\htdocs...')
#2 {main}
  thrown in C:\xampp\htdocs\api-rest-composer\src\config\Security.php on line 56
[11-Nov-2024 19:20:40 America/Tegucigalpa] PHP Fatal error:  Uncaught Error: Class "Firebase\JWT\JWT" not found in C:\xampp\htdocs\api-rest-composer\src\config\Security.php:56
Stack trace:
#0 C:\xampp\htdocs\api-rest-composer\src\routes\auth.php(20): App\Config\Security::createTokenJwt('\xE2\x80\x9C12345HOLAMUN...', Array)
#1 C:\xampp\htdocs\api-rest-composer\public\index.php(22): require('C:\\xampp\\htdocs...')
#2 {main}
  thrown in C:\xampp\htdocs\api-rest-composer\src\config\Security.php on line 56
[11-Nov-2024 19:24:51 America/Tegucigalpa] PHP Fatal error:  Uncaught Error: Class "Firebase\JWT\JWT" not found in C:\xampp\htdocs\api-rest-composer\src\config\Security.php:56
Stack trace:
#0 C:\xampp\htdocs\api-rest-composer\src\routes\auth.php(20): App\Config\Security::createTokenJwt('\xE2\x80\x9C12345HOLAMUN...', Array)
#1 C:\xampp\htdocs\api-rest-composer\public\index.php(22): require('C:\\xampp\\htdocs...')
#2 {main}
  thrown in C:\xampp\htdocs\api-rest-composer\src\config\Security.php on line 56
[11-Nov-2024 19:25:55 America/Tegucigalpa] PHP Fatal error:  Uncaught Error: Class "Firebase\JWT\JWT" not found in C:\xampp\htdocs\api-rest-composer\src\config\Security.php:56
Stack trace:
#0 C:\xampp\htdocs\api-rest-composer\src\routes\auth.php(19): App\Config\Security::createTokenJwt('\xE2\x80\x9C12345HOLAMUN...', Array)
#1 C:\xampp\htdocs\api-rest-composer\public\index.php(22): require('C:\\xampp\\htdocs...')
#2 {main}
  thrown in C:\xampp\htdocs\api-rest-composer\src\config\Security.php on line 56
[11-Nov-2024 19:26:31 America/Tegucigalpa] PHP Fatal error:  Uncaught Error: Call to a member function time() on string in C:\xampp\htdocs\api-rest-composer\src\config\Security.php:50
Stack trace:
#0 C:\xampp\htdocs\api-rest-composer\src\routes\auth.php(19): App\Config\Security::createTokenJwt('\xE2\x80\x9C12345HOLAMUN...', Array)
#1 C:\xampp\htdocs\api-rest-composer\public\index.php(22): require('C:\\xampp\\htdocs...')
#2 {main}
  thrown in C:\xampp\htdocs\api-rest-composer\src\config\Security.php on line 50
[11-Nov-2024 19:29:16 America/Tegucigalpa] PHP Fatal error:  Uncaught Error: Class "Firebase\JWT\JWT" not found in C:\xampp\htdocs\api-rest-composer\src\config\Security.php:56
Stack trace:
#0 C:\xampp\htdocs\api-rest-composer\src\routes\auth.php(19): App\Config\Security::createTokenJwt('\xE2\x80\x9C12345HOLAMUN...', Array)
#1 C:\xampp\htdocs\api-rest-composer\public\index.php(22): require('C:\\xampp\\htdocs...')
#2 {main}
  thrown in C:\xampp\htdocs\api-rest-composer\src\config\Security.php on line 56
[11-Nov-2024 19:29:28 America/Tegucigalpa] PHP Fatal error:  Uncaught Error: Class "Firebase\JWT\JWT" not found in C:\xampp\htdocs\api-rest-composer\src\config\Security.php:56
Stack trace:
#0 C:\xampp\htdocs\api-rest-composer\src\routes\auth.php(19): App\Config\Security::createTokenJwt('\xE2\x80\x9C12345HOLAMUN...', Array)
#1 C:\xampp\htdocs\api-rest-composer\public\index.php(22): require('C:\\xampp\\htdocs...')
#2 {main}
  thrown in C:\xampp\htdocs\api-rest-composer\src\config\Security.php on line 56
[11-Nov-2024 19:30:50 America/Tegucigalpa] PHP Warning:  Array to string conversion in C:\xampp\htdocs\api-rest-composer\src\config\Security.php on line 55
[11-Nov-2024 19:30:50 America/Tegucigalpa] PHP Fatal error:  Uncaught Error: Class "Firebase\JWT\JWT" not found in C:\xampp\htdocs\api-rest-composer\src\config\Security.php:57
Stack trace:
#0 C:\xampp\htdocs\api-rest-composer\src\routes\auth.php(19): App\Config\Security::createTokenJwt('\xE2\x80\x9C12345HOLAMUN...', Array)
#1 C:\xampp\htdocs\api-rest-composer\public\index.php(22): require('C:\\xampp\\htdocs...')
#2 {main}
  thrown in C:\xampp\htdocs\api-rest-composer\src\config\Security.php on line 57
[11-Nov-2024 19:31:10 America/Tegucigalpa] PHP Fatal error:  Uncaught Error: Class "Firebase\JWT\JWT" not found in C:\xampp\htdocs\api-rest-composer\src\config\Security.php:57
Stack trace:
#0 C:\xampp\htdocs\api-rest-composer\src\routes\auth.php(19): App\Config\Security::createTokenJwt('\xE2\x80\x9C12345HOLAMUN...', Array)
#1 C:\xampp\htdocs\api-rest-composer\public\index.php(22): require('C:\\xampp\\htdocs...')
#2 {main}
  thrown in C:\xampp\htdocs\api-rest-composer\src\config\Security.php on line 57
[11-Nov-2024 19:41:31 America/Tegucigalpa] PHP Fatal error:  Uncaught Error: Class "Firebase\JWT\JWT" not found in C:\xampp\htdocs\api-rest-composer\src\config\Security.php:57
Stack trace:
#0 C:\xampp\htdocs\api-rest-composer\src\routes\auth.php(19): App\Config\Security::createTokenJwt('\xE2\x80\x9C12345HOLAMUN...', Array)
#1 C:\xampp\htdocs\api-rest-composer\public\index.php(22): require('C:\\xampp\\htdocs...')
#2 {main}
  thrown in C:\xampp\htdocs\api-rest-composer\src\config\Security.php on line 57
[11-Nov-2024 19:42:32 America/Tegucigalpa] PHP Fatal error:  Uncaught Error: Class "Firebase\JWT\JWT" not found in C:\xampp\htdocs\api-rest-composer\src\config\Security.php:57
Stack trace:
#0 C:\xampp\htdocs\api-rest-composer\src\routes\auth.php(19): App\Config\Security::createTokenJwt('\xE2\x80\x9C12345HOLAMUN...', Array)
#1 C:\xampp\htdocs\api-rest-composer\public\index.php(22): require('C:\\xampp\\htdocs...')
#2 {main}
  thrown in C:\xampp\htdocs\api-rest-composer\src\config\Security.php on line 57
[11-Nov-2024 19:46:27 America/Tegucigalpa] PHP Fatal error:  Uncaught Error: Class "Firebase\JWT\JWT" not found in C:\xampp\htdocs\api-rest-composer\src\config\Security.php:57
Stack trace:
#0 C:\xampp\htdocs\api-rest-composer\src\routes\auth.php(19): App\Config\Security::createTokenJwt('\xE2\x80\x9C12345HOLAMUN...', Array)
#1 C:\xampp\htdocs\api-rest-composer\public\index.php(22): require('C:\\xampp\\htdocs...')
#2 {main}
  thrown in C:\xampp\htdocs\api-rest-composer\src\config\Security.php on line 57
[12-Nov-2024 23:49:31 America/Tegucigalpa] Esto es una prueba de un error
[12-Nov-2024 23:51:49 America/Tegucigalpa] Esto es una prueba de un error
[12-Nov-2024 23:52:10 America/Tegucigalpa] Esto es una prueba de un error
[12-Nov-2024 23:52:14 America/Tegucigalpa] Esto es una prueba de un error
[12-Nov-2024 23:52:24 America/Tegucigalpa] Esto es una prueba de un error
[13-Nov-2024 00:48:05 America/Tegucigalpa] Esto es una prueba de un error
[13-Nov-2024 01:42:15 America/Tegucigalpa] Esto es una prueba de un error
[16-Nov-2024 16:53:23 America/Tegucigalpa] PHP Fatal error:  Uncaught TypeError: Dotenv\Store\StoreBuilder::addName(): Argument #1 ($name) must be of type string, int given, called in C:\xampp\htdocs\api-rest-composer_V2\vendor\vlucas\phpdotenv\src\Dotenv.php on line 92 and defined in C:\xampp\htdocs\api-rest-composer_V2\vendor\vlucas\phpdotenv\src\Store\StoreBuilder.php:101
Stack trace:
#0 C:\xampp\htdocs\api-rest-composer_V2\vendor\vlucas\phpdotenv\src\Dotenv.php(92): Dotenv\Store\StoreBuilder->addName(2)
#1 C:\xampp\htdocs\api-rest-composer_V2\vendor\vlucas\phpdotenv\src\Dotenv.php(152): Dotenv\Dotenv::create(Object(Dotenv\Repository\AdapterRepository), 'C:\\xampp\\htdocs...', 2, true, NULL)
#2 C:\xampp\htdocs\api-rest-composer_V2\src\db\dataDB.php(7): Dotenv\Dotenv::createImmutable('C:\\xampp\\htdocs...', 2)
#3 C:\xampp\htdocs\api-rest-composer_V2\src\db\connectionDB.php(8): require('C:\\xampp\\htdocs...')
#4 C:\xampp\htdocs\api-rest-composer_V2\src\routes\login.php(2): require_once('C:\\xampp\\htdocs...')
#5 C:\xampp\htdocs\api-rest-composer_V2\public\index.php(23): require('C:\\xampp\\htdocs...')
#6 {main}
  thrown in C:\xampp\htdocs\api-rest-composer_V2\vendor\vlucas\phpdotenv\src\Store\StoreBuilder.php on line 101
[16-Nov-2024 16:54:46 America/Tegucigalpa] PHP Fatal error:  Uncaught TypeError: Dotenv\Store\StoreBuilder::addName(): Argument #1 ($name) must be of type string, int given, called in C:\xampp\htdocs\api-rest-composer_V2\vendor\vlucas\phpdotenv\src\Dotenv.php on line 92 and defined in C:\xampp\htdocs\api-rest-composer_V2\vendor\vlucas\phpdotenv\src\Store\StoreBuilder.php:101
Stack trace:
#0 C:\xampp\htdocs\api-rest-composer_V2\vendor\vlucas\phpdotenv\src\Dotenv.php(92): Dotenv\Store\StoreBuilder->addName(2)
#1 C:\xampp\htdocs\api-rest-composer_V2\vendor\vlucas\phpdotenv\src\Dotenv.php(152): Dotenv\Dotenv::create(Object(Dotenv\Repository\AdapterRepository), 'C:\\xampp\\htdocs...', 2, true, NULL)
#2 C:\xampp\htdocs\api-rest-composer_V2\src\db\dataDB.php(7): Dotenv\Dotenv::createImmutable('C:\\xampp\\htdocs...', 2)
#3 C:\xampp\htdocs\api-rest-composer_V2\src\db\connectionDB.php(8): require('C:\\xampp\\htdocs...')
#4 C:\xampp\htdocs\api-rest-composer_V2\src\routes\login.php(2): require_once('C:\\xampp\\htdocs...')
#5 C:\xampp\htdocs\api-rest-composer_V2\public\index.php(23): require('C:\\xampp\\htdocs...')
#6 {main}
  thrown in C:\xampp\htdocs\api-rest-composer_V2\vendor\vlucas\phpdotenv\src\Store\StoreBuilder.php on line 101
[16-Nov-2024 16:56:00 America/Tegucigalpa] PHP Fatal error:  Uncaught TypeError: Dotenv\Store\StoreBuilder::addName(): Argument #1 ($name) must be of type string, int given, called in C:\xampp\htdocs\api-rest-composer_V2\vendor\vlucas\phpdotenv\src\Dotenv.php on line 92 and defined in C:\xampp\htdocs\api-rest-composer_V2\vendor\vlucas\phpdotenv\src\Store\StoreBuilder.php:101
Stack trace:
#0 C:\xampp\htdocs\api-rest-composer_V2\vendor\vlucas\phpdotenv\src\Dotenv.php(92): Dotenv\Store\StoreBuilder->addName(2)
#1 C:\xampp\htdocs\api-rest-composer_V2\vendor\vlucas\phpdotenv\src\Dotenv.php(152): Dotenv\Dotenv::create(Object(Dotenv\Repository\AdapterRepository), 'C:\\xampp\\htdocs...', 2, true, NULL)
#2 C:\xampp\htdocs\api-rest-composer_V2\src\db\dataDB.php(7): Dotenv\Dotenv::createImmutable('C:\\xampp\\htdocs...', 2)
#3 C:\xampp\htdocs\api-rest-composer_V2\src\db\connectionDB.php(8): require('C:\\xampp\\htdocs...')
#4 C:\xampp\htdocs\api-rest-composer_V2\src\routes\login.php(2): require_once('C:\\xampp\\htdocs...')
#5 C:\xampp\htdocs\api-rest-composer_V2\public\index.php(23): require('C:\\xampp\\htdocs...')
#6 {main}
  thrown in C:\xampp\htdocs\api-rest-composer_V2\vendor\vlucas\phpdotenv\src\Store\StoreBuilder.php on line 101
[16-Nov-2024 17:08:56 America/Tegucigalpa] PHP Fatal error:  Uncaught TypeError: Dotenv\Store\StoreBuilder::addName(): Argument #1 ($name) must be of type string, int given, called in C:\xampp\htdocs\api-rest-composer_V2\vendor\vlucas\phpdotenv\src\Dotenv.php on line 92 and defined in C:\xampp\htdocs\api-rest-composer_V2\vendor\vlucas\phpdotenv\src\Store\StoreBuilder.php:101
Stack trace:
#0 C:\xampp\htdocs\api-rest-composer_V2\vendor\vlucas\phpdotenv\src\Dotenv.php(92): Dotenv\Store\StoreBuilder->addName(2)
#1 C:\xampp\htdocs\api-rest-composer_V2\vendor\vlucas\phpdotenv\src\Dotenv.php(152): Dotenv\Dotenv::create(Object(Dotenv\Repository\AdapterRepository), 'C:\\xampp\\htdocs...', 2, true, NULL)
#2 C:\xampp\htdocs\api-rest-composer_V2\src\db\dataDB.php(7): Dotenv\Dotenv::createImmutable('C:\\xampp\\htdocs...', 2)
#3 C:\xampp\htdocs\api-rest-composer_V2\src\db\connectionDB.php(8): require('C:\\xampp\\htdocs...')
#4 C:\xampp\htdocs\api-rest-composer_V2\src\routes\login.php(2): require_once('C:\\xampp\\htdocs...')
#5 C:\xampp\htdocs\api-rest-composer_V2\public\index.php(23): require('C:\\xampp\\htdocs...')
#6 {main}
  thrown in C:\xampp\htdocs\api-rest-composer_V2\vendor\vlucas\phpdotenv\src\Store\StoreBuilder.php on line 101
[16-Nov-2024 17:09:14 America/Tegucigalpa] PHP Fatal error:  Uncaught TypeError: Dotenv\Store\StoreBuilder::addName(): Argument #1 ($name) must be of type string, int given, called in C:\xampp\htdocs\api-rest-composer_V2\vendor\vlucas\phpdotenv\src\Dotenv.php on line 92 and defined in C:\xampp\htdocs\api-rest-composer_V2\vendor\vlucas\phpdotenv\src\Store\StoreBuilder.php:101
Stack trace:
#0 C:\xampp\htdocs\api-rest-composer_V2\vendor\vlucas\phpdotenv\src\Dotenv.php(92): Dotenv\Store\StoreBuilder->addName(2)
#1 C:\xampp\htdocs\api-rest-composer_V2\vendor\vlucas\phpdotenv\src\Dotenv.php(152): Dotenv\Dotenv::create(Object(Dotenv\Repository\AdapterRepository), 'C:\\xampp\\htdocs...', 2, true, NULL)
#2 C:\xampp\htdocs\api-rest-composer_V2\src\db\dataDB.php(7): Dotenv\Dotenv::createImmutable('C:\\xampp\\htdocs...', 2)
#3 C:\xampp\htdocs\api-rest-composer_V2\src\db\connectionDB.php(8): require('C:\\xampp\\htdocs...')
#4 C:\xampp\htdocs\api-rest-composer_V2\src\routes\login.php(2): require_once('C:\\xampp\\htdocs...')
#5 C:\xampp\htdocs\api-rest-composer_V2\public\index.php(23): require('C:\\xampp\\htdocs...')
#6 {main}
  thrown in C:\xampp\htdocs\api-rest-composer_V2\vendor\vlucas\phpdotenv\src\Store\StoreBuilder.php on line 101
[16-Nov-2024 17:09:48 America/Tegucigalpa] PHP Fatal error:  Uncaught TypeError: Dotenv\Store\StoreBuilder::addName(): Argument #1 ($name) must be of type string, int given, called in C:\xampp\htdocs\api-rest-composer_V2\vendor\vlucas\phpdotenv\src\Dotenv.php on line 92 and defined in C:\xampp\htdocs\api-rest-composer_V2\vendor\vlucas\phpdotenv\src\Store\StoreBuilder.php:101
Stack trace:
#0 C:\xampp\htdocs\api-rest-composer_V2\vendor\vlucas\phpdotenv\src\Dotenv.php(92): Dotenv\Store\StoreBuilder->addName(2)
#1 C:\xampp\htdocs\api-rest-composer_V2\vendor\vlucas\phpdotenv\src\Dotenv.php(152): Dotenv\Dotenv::create(Object(Dotenv\Repository\AdapterRepository), 'C:\\xampp\\htdocs...', 2, true, NULL)
#2 C:\xampp\htdocs\api-rest-composer_V2\src\db\dataDB.php(7): Dotenv\Dotenv::createImmutable('C:\\xampp\\htdocs...', 2)
#3 C:\xampp\htdocs\api-rest-composer_V2\src\db\connectionDB.php(8): require('C:\\xampp\\htdocs...')
#4 C:\xampp\htdocs\api-rest-composer_V2\src\routes\login.php(2): require_once('C:\\xampp\\htdocs...')
#5 C:\xampp\htdocs\api-rest-composer_V2\public\index.php(23): require('C:\\xampp\\htdocs...')
#6 {main}
  thrown in C:\xampp\htdocs\api-rest-composer_V2\vendor\vlucas\phpdotenv\src\Store\StoreBuilder.php on line 101
[16-Nov-2024 17:48:15 America/Tegucigalpa] PHP Warning:  Undefined variable $app in C:\xampp\htdocs\api-rest-composer_V2\src\routes\auth.php on line 9
[16-Nov-2024 17:48:15 America/Tegucigalpa] PHP Fatal error:  Uncaught Error: Call to a member function post() on null in C:\xampp\htdocs\api-rest-composer_V2\src\routes\auth.php:9
Stack trace:
#0 C:\xampp\htdocs\api-rest-composer_V2\public\index.php(23): require()
#1 {main}
  thrown in C:\xampp\htdocs\api-rest-composer_V2\src\routes\auth.php on line 9
[16-Nov-2024 17:48:37 America/Tegucigalpa] Esto es una prueba de un error
[16-Nov-2024 17:48:48 America/Tegucigalpa] PHP Warning:  Undefined variable $app in C:\xampp\htdocs\api-rest-composer_V2\src\routes\auth.php on line 9
[16-Nov-2024 17:48:48 America/Tegucigalpa] PHP Fatal error:  Uncaught Error: Call to a member function post() on null in C:\xampp\htdocs\api-rest-composer_V2\src\routes\auth.php:9
Stack trace:
#0 C:\xampp\htdocs\api-rest-composer_V2\public\index.php(23): require()
#1 {main}
  thrown in C:\xampp\htdocs\api-rest-composer_V2\src\routes\auth.php on line 9
[16-Nov-2024 18:24:59 America/Tegucigalpa] PHP Warning:  Undefined variable $app in C:\xampp\htdocs\api-rest-composer_V2\src\routes\auth.php on line 9
[16-Nov-2024 18:24:59 America/Tegucigalpa] PHP Fatal error:  Uncaught Error: Call to a member function post() on null in C:\xampp\htdocs\api-rest-composer_V2\src\routes\auth.php:9
Stack trace:
#0 C:\xampp\htdocs\api-rest-composer_V2\public\index.php(23): require()
#1 {main}
  thrown in C:\xampp\htdocs\api-rest-composer_V2\src\routes\auth.php on line 9
[16-Nov-2024 18:25:53 America/Tegucigalpa] PHP Warning:  Undefined variable $app in C:\xampp\htdocs\api-rest-composer_V2\src\routes\auth.php on line 9
[16-Nov-2024 18:25:53 America/Tegucigalpa] PHP Fatal error:  Uncaught Error: Call to a member function post() on null in C:\xampp\htdocs\api-rest-composer_V2\src\routes\auth.php:9
Stack trace:
#0 C:\xampp\htdocs\api-rest-composer_V2\public\index.php(23): require()
#1 {main}
  thrown in C:\xampp\htdocs\api-rest-composer_V2\src\routes\auth.php on line 9
[16-Nov-2024 18:26:28 America/Tegucigalpa] PHP Warning:  Undefined variable $app in C:\xampp\htdocs\api-rest-composer_V2\src\routes\auth.php on line 9
[16-Nov-2024 18:26:28 America/Tegucigalpa] PHP Fatal error:  Uncaught Error: Call to a member function post() on null in C:\xampp\htdocs\api-rest-composer_V2\src\routes\auth.php:9
Stack trace:
#0 C:\xampp\htdocs\api-rest-composer_V2\public\index.php(23): require()
#1 {main}
  thrown in C:\xampp\htdocs\api-rest-composer_V2\src\routes\auth.php on line 9
[16-Nov-2024 18:30:17 America/Tegucigalpa] Esto es una prueba de un error
[16-Nov-2024 18:30:33 America/Tegucigalpa] PHP Warning:  Undefined variable $app in C:\xampp\htdocs\api-rest-composer_V2\src\routes\auth.php on line 9
[16-Nov-2024 18:30:33 America/Tegucigalpa] PHP Fatal error:  Uncaught Error: Call to a member function post() on null in C:\xampp\htdocs\api-rest-composer_V2\src\routes\auth.php:9
Stack trace:
#0 C:\xampp\htdocs\api-rest-composer_V2\public\index.php(23): require()
#1 {main}
  thrown in C:\xampp\htdocs\api-rest-composer_V2\src\routes\auth.php on line 9
[16-Nov-2024 18:41:39 America/Tegucigalpa] PHP Warning:  Undefined variable $app in C:\xampp\htdocs\api-rest-composer_V2\src\routes\auth.php on line 9
[16-Nov-2024 18:41:39 America/Tegucigalpa] PHP Fatal error:  Uncaught Error: Call to a member function post() on null in C:\xampp\htdocs\api-rest-composer_V2\src\routes\auth.php:9
Stack trace:
#0 C:\xampp\htdocs\api-rest-composer_V2\public\index.php(24): require()
#1 {main}
  thrown in C:\xampp\htdocs\api-rest-composer_V2\src\routes\auth.php on line 9
[16-Nov-2024 18:55:35 America/Tegucigalpa] PHP Warning:  Undefined variable $app in C:\xampp\htdocs\api-rest-composer_V2\src\routes\auth.php on line 9
[16-Nov-2024 18:55:35 America/Tegucigalpa] PHP Fatal error:  Uncaught Error: Call to a member function post() on null in C:\xampp\htdocs\api-rest-composer_V2\src\routes\auth.php:9
Stack trace:
#0 C:\xampp\htdocs\api-rest-composer_V2\public\index.php(25): require()
#1 {main}
  thrown in C:\xampp\htdocs\api-rest-composer_V2\src\routes\auth.php on line 9
[16-Nov-2024 18:55:46 America/Tegucigalpa] PHP Warning:  Undefined variable $app in C:\xampp\htdocs\api-rest-composer_V2\src\routes\auth.php on line 9
[16-Nov-2024 18:55:46 America/Tegucigalpa] PHP Fatal error:  Uncaught Error: Call to a member function post() on null in C:\xampp\htdocs\api-rest-composer_V2\src\routes\auth.php:9
Stack trace:
#0 C:\xampp\htdocs\api-rest-composer_V2\public\index.php(25): require()
#1 {main}
  thrown in C:\xampp\htdocs\api-rest-composer_V2\src\routes\auth.php on line 9
[16-Nov-2024 18:56:31 America/Tegucigalpa] PHP Warning:  Undefined variable $app in C:\xampp\htdocs\api-rest-composer_V2\src\routes\auth.php on line 12
[16-Nov-2024 18:56:31 America/Tegucigalpa] PHP Fatal error:  Uncaught Error: Call to a member function post() on null in C:\xampp\htdocs\api-rest-composer_V2\src\routes\auth.php:12
Stack trace:
#0 C:\xampp\htdocs\api-rest-composer_V2\public\index.php(25): require()
#1 {main}
  thrown in C:\xampp\htdocs\api-rest-composer_V2\src\routes\auth.php on line 12
[16-Nov-2024 19:03:47 America/Tegucigalpa] PHP Warning:  Undefined variable $app in C:\xampp\htdocs\api-rest-composer_V2\src\routes\auth.php on line 9
[16-Nov-2024 19:03:47 America/Tegucigalpa] PHP Fatal error:  Uncaught Error: Call to a member function post() on null in C:\xampp\htdocs\api-rest-composer_V2\src\routes\auth.php:9
Stack trace:
#0 C:\xampp\htdocs\api-rest-composer_V2\public\index.php(25): require()
#1 {main}
  thrown in C:\xampp\htdocs\api-rest-composer_V2\src\routes\auth.php on line 9
[16-Nov-2024 19:32:52 America/Tegucigalpa] Esto es una prueba de un error
[16-Nov-2024 19:33:06 America/Tegucigalpa] Esto es una prueba de un error
[16-Nov-2024 19:41:00 America/Tegucigalpa] PHP Warning:  Undefined variable $app in C:\xampp\htdocs\api-rest-composer_V2\src\routes\auth.php on line 9
[16-Nov-2024 19:41:00 America/Tegucigalpa] PHP Fatal error:  Uncaught Error: Call to a member function post() on null in C:\xampp\htdocs\api-rest-composer_V2\src\routes\auth.php:9
Stack trace:
#0 C:\xampp\htdocs\api-rest-composer_V2\public\index.php(25): require()
#1 {main}
  thrown in C:\xampp\htdocs\api-rest-composer_V2\src\routes\auth.php on line 9
[16-Nov-2024 19:44:28 America/Tegucigalpa] PHP Warning:  Undefined variable $app in C:\xampp\htdocs\api-rest-composer_V2\src\routes\auth.php on line 9
[16-Nov-2024 19:44:28 America/Tegucigalpa] PHP Fatal error:  Uncaught Error: Call to a member function post() on null in C:\xampp\htdocs\api-rest-composer_V2\src\routes\auth.php:9
Stack trace:
#0 C:\xampp\htdocs\api-rest-composer_V2\public\index.php(25): require()
#1 {main}
  thrown in C:\xampp\htdocs\api-rest-composer_V2\src\routes\auth.php on line 9
[16-Nov-2024 19:44:59 America/Tegucigalpa] PHP Warning:  Undefined variable $app in C:\xampp\htdocs\api-rest-composer_V2\src\routes\auth.php on line 9
[16-Nov-2024 19:44:59 America/Tegucigalpa] PHP Fatal error:  Uncaught Error: Call to a member function post() on null in C:\xampp\htdocs\api-rest-composer_V2\src\routes\auth.php:9
Stack trace:
#0 C:\xampp\htdocs\api-rest-composer_V2\public\index.php(25): require()
#1 {main}
  thrown in C:\xampp\htdocs\api-rest-composer_V2\src\routes\auth.php on line 9
[16-Nov-2024 19:45:06 America/Tegucigalpa] PHP Warning:  Undefined variable $app in C:\xampp\htdocs\api-rest-composer_V2\src\routes\auth.php on line 9
[16-Nov-2024 19:45:06 America/Tegucigalpa] PHP Fatal error:  Uncaught Error: Call to a member function post() on null in C:\xampp\htdocs\api-rest-composer_V2\src\routes\auth.php:9
Stack trace:
#0 C:\xampp\htdocs\api-rest-composer_V2\public\index.php(25): require()
#1 {main}
  thrown in C:\xampp\htdocs\api-rest-composer_V2\src\routes\auth.php on line 9
[16-Nov-2024 19:45:11 America/Tegucigalpa] Esto es una prueba de un error
[16-Nov-2024 19:45:18 America/Tegucigalpa] Esto es una prueba de un error
[16-Nov-2024 19:45:29 America/Tegucigalpa] Esto es una prueba de un error
[16-Nov-2024 19:45:49 America/Tegucigalpa] Esto es una prueba de un error
[16-Nov-2024 19:46:08 America/Tegucigalpa] Esto es una prueba de un error
[16-Nov-2024 19:46:22 America/Tegucigalpa] Esto es una prueba de un error
[16-Nov-2024 19:46:34 America/Tegucigalpa] PHP Warning:  Undefined variable $app in C:\xampp\htdocs\api-rest-composer_V2\src\routes\auth.php on line 9
[16-Nov-2024 19:46:34 America/Tegucigalpa] PHP Fatal error:  Uncaught Error: Call to a member function post() on null in C:\xampp\htdocs\api-rest-composer_V2\src\routes\auth.php:9
Stack trace:
#0 C:\xampp\htdocs\api-rest-composer_V2\public\index.php(25): require()
#1 {main}
  thrown in C:\xampp\htdocs\api-rest-composer_V2\src\routes\auth.php on line 9
[16-Nov-2024 19:46:39 America/Tegucigalpa] PHP Warning:  Undefined variable $app in C:\xampp\htdocs\api-rest-composer_V2\src\routes\auth.php on line 9
[16-Nov-2024 19:46:39 America/Tegucigalpa] PHP Fatal error:  Uncaught Error: Call to a member function post() on null in C:\xampp\htdocs\api-rest-composer_V2\src\routes\auth.php:9
Stack trace:
#0 C:\xampp\htdocs\api-rest-composer_V2\public\index.php(25): require()
#1 {main}
  thrown in C:\xampp\htdocs\api-rest-composer_V2\src\routes\auth.php on line 9
[16-Nov-2024 19:46:56 America/Tegucigalpa] PHP Warning:  Undefined variable $app in C:\xampp\htdocs\api-rest-composer_V2\src\routes\auth.php on line 9
[16-Nov-2024 19:46:56 America/Tegucigalpa] PHP Fatal error:  Uncaught Error: Call to a member function post() on null in C:\xampp\htdocs\api-rest-composer_V2\src\routes\auth.php:9
Stack trace:
#0 C:\xampp\htdocs\api-rest-composer_V2\public\index.php(25): require()
#1 {main}
  thrown in C:\xampp\htdocs\api-rest-composer_V2\src\routes\auth.php on line 9
[16-Nov-2024 19:47:04 America/Tegucigalpa] PHP Warning:  Undefined variable $app in C:\xampp\htdocs\api-rest-composer_V2\src\routes\auth.php on line 9
[16-Nov-2024 19:47:04 America/Tegucigalpa] PHP Fatal error:  Uncaught Error: Call to a member function post() on null in C:\xampp\htdocs\api-rest-composer_V2\src\routes\auth.php:9
Stack trace:
#0 C:\xampp\htdocs\api-rest-composer_V2\public\index.php(25): require()
#1 {main}
  thrown in C:\xampp\htdocs\api-rest-composer_V2\src\routes\auth.php on line 9
[16-Nov-2024 19:47:12 America/Tegucigalpa] PHP Warning:  Undefined variable $app in C:\xampp\htdocs\api-rest-composer_V2\src\routes\auth.php on line 9
[16-Nov-2024 19:47:12 America/Tegucigalpa] PHP Fatal error:  Uncaught Error: Call to a member function post() on null in C:\xampp\htdocs\api-rest-composer_V2\src\routes\auth.php:9
Stack trace:
#0 C:\xampp\htdocs\api-rest-composer_V2\public\index.php(25): require()
#1 {main}
  thrown in C:\xampp\htdocs\api-rest-composer_V2\src\routes\auth.php on line 9
[16-Nov-2024 19:47:22 America/Tegucigalpa] PHP Warning:  Undefined variable $app in C:\xampp\htdocs\api-rest-composer_V2\src\routes\auth.php on line 9
[16-Nov-2024 19:47:22 America/Tegucigalpa] PHP Fatal error:  Uncaught Error: Call to a member function post() on null in C:\xampp\htdocs\api-rest-composer_V2\src\routes\auth.php:9
Stack trace:
#0 C:\xampp\htdocs\api-rest-composer_V2\public\index.php(25): require()
#1 {main}
  thrown in C:\xampp\htdocs\api-rest-composer_V2\src\routes\auth.php on line 9
[16-Nov-2024 20:10:54 America/Tegucigalpa] PHP Warning:  Undefined variable $app in C:\xampp\htdocs\api-rest-composer_V2\src\routes\auth.php on line 9
[16-Nov-2024 20:10:54 America/Tegucigalpa] PHP Fatal error:  Uncaught Error: Call to a member function post() on null in C:\xampp\htdocs\api-rest-composer_V2\src\routes\auth.php:9
Stack trace:
#0 C:\xampp\htdocs\api-rest-composer_V2\public\index.php(25): require()
#1 {main}
  thrown in C:\xampp\htdocs\api-rest-composer_V2\src\routes\auth.php on line 9
[16-Nov-2024 20:19:09 America/Tegucigalpa] Esto es una prueba de un error
[16-Nov-2024 20:22:52 America/Tegucigalpa] PHP Warning:  Undefined variable $app in C:\xampp\htdocs\api-rest-composer_V2\src\routes\auth.php on line 9
[16-Nov-2024 20:22:52 America/Tegucigalpa] PHP Fatal error:  Uncaught Error: Call to a member function post() on null in C:\xampp\htdocs\api-rest-composer_V2\src\routes\auth.php:9
Stack trace:
#0 C:\xampp\htdocs\api-rest-composer_V2\public\index.php(25): require()
#1 {main}
  thrown in C:\xampp\htdocs\api-rest-composer_V2\src\routes\auth.php on line 9
[16-Nov-2024 20:30:57 America/Tegucigalpa] PHP Warning:  Undefined variable $app in C:\xampp\htdocs\api-rest-composer_V2\src\routes\auth.php on line 9
[16-Nov-2024 20:30:57 America/Tegucigalpa] PHP Fatal error:  Uncaught Error: Call to a member function post() on null in C:\xampp\htdocs\api-rest-composer_V2\src\routes\auth.php:9
Stack trace:
#0 C:\xampp\htdocs\api-rest-composer_V2\public\index.php(25): require()
#1 {main}
  thrown in C:\xampp\htdocs\api-rest-composer_V2\src\routes\auth.php on line 9
[17-Nov-2024 08:32:37 America/Tegucigalpa] PHP Warning:  Undefined variable $app in C:\xampp\htdocs\api-rest-composer_V2\src\routes\auth.php on line 9
[17-Nov-2024 08:32:37 America/Tegucigalpa] PHP Fatal error:  Uncaught Error: Call to a member function post() on null in C:\xampp\htdocs\api-rest-composer_V2\src\routes\auth.php:9
Stack trace:
#0 C:\xampp\htdocs\api-rest-composer_V2\public\index.php(25): require()
#1 {main}
  thrown in C:\xampp\htdocs\api-rest-composer_V2\src\routes\auth.php on line 9
[17-Nov-2024 08:32:50 America/Tegucigalpa] PHP Warning:  Undefined variable $app in C:\xampp\htdocs\api-rest-composer_V2\src\routes\auth.php on line 9
[17-Nov-2024 08:32:50 America/Tegucigalpa] PHP Fatal error:  Uncaught Error: Call to a member function post() on null in C:\xampp\htdocs\api-rest-composer_V2\src\routes\auth.php:9
Stack trace:
#0 C:\xampp\htdocs\api-rest-composer_V2\public\index.php(25): require()
#1 {main}
  thrown in C:\xampp\htdocs\api-rest-composer_V2\src\routes\auth.php on line 9
[17-Nov-2024 08:35:15 America/Tegucigalpa] PHP Warning:  Undefined variable $app in C:\xampp\htdocs\api-rest-composer_V2\src\routes\auth.php on line 9
[17-Nov-2024 08:35:15 America/Tegucigalpa] PHP Fatal error:  Uncaught Error: Call to a member function post() on null in C:\xampp\htdocs\api-rest-composer_V2\src\routes\auth.php:9
Stack trace:
#0 C:\xampp\htdocs\api-rest-composer_V2\public\index.php(25): require()
#1 {main}
  thrown in C:\xampp\htdocs\api-rest-composer_V2\src\routes\auth.php on line 9
[17-Nov-2024 08:37:21 America/Tegucigalpa] PHP Warning:  Undefined variable $app in C:\xampp\htdocs\api-rest-composer_V2\src\routes\auth.php on line 9
[17-Nov-2024 08:37:21 America/Tegucigalpa] PHP Fatal error:  Uncaught Error: Call to a member function post() on null in C:\xampp\htdocs\api-rest-composer_V2\src\routes\auth.php:9
Stack trace:
#0 C:\xampp\htdocs\api-rest-composer_V2\public\index.php(25): require()
#1 {main}
  thrown in C:\xampp\htdocs\api-rest-composer_V2\src\routes\auth.php on line 9
[17-Nov-2024 08:38:15 America/Tegucigalpa] PHP Warning:  Undefined variable $app in C:\xampp\htdocs\api-rest-composer_V2\src\routes\auth.php on line 9
[17-Nov-2024 08:38:15 America/Tegucigalpa] PHP Fatal error:  Uncaught Error: Call to a member function post() on null in C:\xampp\htdocs\api-rest-composer_V2\src\routes\auth.php:9
Stack trace:
#0 C:\xampp\htdocs\api-rest-composer_V2\public\index.php(25): require()
#1 {main}
  thrown in C:\xampp\htdocs\api-rest-composer_V2\src\routes\auth.php on line 9
[17-Nov-2024 09:03:30 America/Tegucigalpa] Esto es una prueba de un error
[17-Nov-2024 09:03:58 America/Tegucigalpa] PHP Warning:  Undefined variable $app in C:\xampp\htdocs\api-rest-composer_V2\src\routes\auth.php on line 9
[17-Nov-2024 09:03:58 America/Tegucigalpa] PHP Fatal error:  Uncaught Error: Call to a member function post() on null in C:\xampp\htdocs\api-rest-composer_V2\src\routes\auth.php:9
Stack trace:
#0 C:\xampp\htdocs\api-rest-composer_V2\public\index.php(25): require()
#1 {main}
  thrown in C:\xampp\htdocs\api-rest-composer_V2\src\routes\auth.php on line 9
[17-Nov-2024 09:07:24 America/Tegucigalpa] Esto es una prueba de un error
[17-Nov-2024 09:12:55 America/Tegucigalpa] Esto es una prueba de un error
[17-Nov-2024 09:12:56 America/Tegucigalpa] Esto es una prueba de un error
[17-Nov-2024 09:12:57 America/Tegucigalpa] Esto es una prueba de un error
[17-Nov-2024 09:12:57 America/Tegucigalpa] Esto es una prueba de un error
[17-Nov-2024 09:12:57 America/Tegucigalpa] Esto es una prueba de un error
[17-Nov-2024 09:12:57 America/Tegucigalpa] Esto es una prueba de un error
[17-Nov-2024 09:12:57 America/Tegucigalpa] Esto es una prueba de un error
[17-Nov-2024 09:12:57 America/Tegucigalpa] Esto es una prueba de un error
[17-Nov-2024 09:12:57 America/Tegucigalpa] Esto es una prueba de un error
[17-Nov-2024 09:12:58 America/Tegucigalpa] Esto es una prueba de un error
[17-Nov-2024 09:14:32 America/Tegucigalpa] Esto es una prueba de un error
[17-Nov-2024 09:14:33 America/Tegucigalpa] Esto es una prueba de un error
[17-Nov-2024 09:14:34 America/Tegucigalpa] Esto es una prueba de un error
[17-Nov-2024 09:14:34 America/Tegucigalpa] Esto es una prueba de un error
[17-Nov-2024 09:14:34 America/Tegucigalpa] Esto es una prueba de un error
[17-Nov-2024 09:15:05 America/Tegucigalpa] Esto es una prueba de un error
[17-Nov-2024 09:15:06 America/Tegucigalpa] Esto es una prueba de un error
[17-Nov-2024 09:15:06 America/Tegucigalpa] Esto es una prueba de un error
[17-Nov-2024 09:15:07 America/Tegucigalpa] Esto es una prueba de un error
[17-Nov-2024 09:15:07 America/Tegucigalpa] Esto es una prueba de un error
[17-Nov-2024 09:15:07 America/Tegucigalpa] Esto es una prueba de un error
[17-Nov-2024 09:15:08 America/Tegucigalpa] Esto es una prueba de un error
[17-Nov-2024 09:15:08 America/Tegucigalpa] Esto es una prueba de un error
[17-Nov-2024 09:15:08 America/Tegucigalpa] Esto es una prueba de un error
[17-Nov-2024 09:15:09 America/Tegucigalpa] Esto es una prueba de un error
[17-Nov-2024 09:15:09 America/Tegucigalpa] Esto es una prueba de un error
[17-Nov-2024 09:15:09 America/Tegucigalpa] Esto es una prueba de un error
[17-Nov-2024 09:15:10 America/Tegucigalpa] Esto es una prueba de un error
[17-Nov-2024 09:15:10 America/Tegucigalpa] Esto es una prueba de un error
[17-Nov-2024 09:15:10 America/Tegucigalpa] Esto es una prueba de un error
[17-Nov-2024 09:15:11 America/Tegucigalpa] Esto es una prueba de un error
[17-Nov-2024 09:15:11 America/Tegucigalpa] Esto es una prueba de un error
[17-Nov-2024 09:15:11 America/Tegucigalpa] Esto es una prueba de un error
[17-Nov-2024 09:15:12 America/Tegucigalpa] Esto es una prueba de un error
[17-Nov-2024 09:15:12 America/Tegucigalpa] Esto es una prueba de un error
[17-Nov-2024 09:15:12 America/Tegucigalpa] Esto es una prueba de un error
[17-Nov-2024 09:15:13 America/Tegucigalpa] Esto es una prueba de un error
[17-Nov-2024 09:15:13 America/Tegucigalpa] Esto es una prueba de un error
[17-Nov-2024 09:18:50 America/Tegucigalpa] Esto es una prueba de un error
[17-Nov-2024 09:18:51 America/Tegucigalpa] Esto es una prueba de un error
[17-Nov-2024 09:18:52 America/Tegucigalpa] Esto es una prueba de un error
[17-Nov-2024 09:18:52 America/Tegucigalpa] Esto es una prueba de un error
[17-Nov-2024 09:18:52 America/Tegucigalpa] Esto es una prueba de un error
[17-Nov-2024 09:18:52 America/Tegucigalpa] Esto es una prueba de un error
[17-Nov-2024 09:45:10 America/Tegucigalpa] Esto es una prueba de un error
[17-Nov-2024 09:45:16 America/Tegucigalpa] Esto es una prueba de un error
[17-Nov-2024 12:52:55 America/Tegucigalpa] PHP Warning:  Undefined variable $app in C:\xampp\htdocs\api-rest-composer_V2\src\routes\auth.php on line 9
[17-Nov-2024 12:52:55 America/Tegucigalpa] PHP Fatal error:  Uncaught Error: Call to a member function post() on null in C:\xampp\htdocs\api-rest-composer_V2\src\routes\auth.php:9
Stack trace:
#0 C:\xampp\htdocs\api-rest-composer_V2\public\index.php(25): require()
#1 {main}
  thrown in C:\xampp\htdocs\api-rest-composer_V2\src\routes\auth.php on line 9
[17-Nov-2024 13:04:42 America/Tegucigalpa] Esto es una prueba de un error
[17-Nov-2024 13:04:42 America/Tegucigalpa] Esto es una prueba de un error
[17-Nov-2024 13:20:16 America/Tegucigalpa] Esto es una prueba de un error
[17-Nov-2024 13:59:00 America/Tegucigalpa] PHP Warning:  Undefined variable $app in C:\xampp\htdocs\api-rest-composer_V2\src\routes\auth.php on line 9
[17-Nov-2024 13:59:00 America/Tegucigalpa] PHP Fatal error:  Uncaught Error: Call to a member function post() on null in C:\xampp\htdocs\api-rest-composer_V2\src\routes\auth.php:9
Stack trace:
#0 C:\xampp\htdocs\api-rest-composer_V2\public\index.php(25): require()
#1 {main}
  thrown in C:\xampp\htdocs\api-rest-composer_V2\src\routes\auth.php on line 9
[17-Nov-2024 13:59:18 America/Tegucigalpa] PHP Warning:  Undefined variable $app in C:\xampp\htdocs\api-rest-composer_V2\src\routes\auth.php on line 9
[17-Nov-2024 13:59:18 America/Tegucigalpa] PHP Fatal error:  Uncaught Error: Call to a member function post() on null in C:\xampp\htdocs\api-rest-composer_V2\src\routes\auth.php:9
Stack trace:
#0 C:\xampp\htdocs\api-rest-composer_V2\public\index.php(25): require()
#1 {main}
  thrown in C:\xampp\htdocs\api-rest-composer_V2\src\routes\auth.php on line 9
[17-Nov-2024 14:03:15 America/Tegucigalpa] PHP Warning:  Undefined variable $app in C:\xampp\htdocs\api-rest-composer_V2\src\routes\auth.php on line 9
[17-Nov-2024 14:03:15 America/Tegucigalpa] PHP Fatal error:  Uncaught Error: Call to a member function post() on null in C:\xampp\htdocs\api-rest-composer_V2\src\routes\auth.php:9
Stack trace:
#0 C:\xampp\htdocs\api-rest-composer_V2\public\index.php(25): require()
#1 {main}
  thrown in C:\xampp\htdocs\api-rest-composer_V2\src\routes\auth.php on line 9
[17-Nov-2024 14:04:57 America/Tegucigalpa] PHP Warning:  Undefined variable $app in C:\xampp\htdocs\api-rest-composer_V2\src\routes\auth.php on line 9
[17-Nov-2024 14:04:57 America/Tegucigalpa] PHP Fatal error:  Uncaught Error: Call to a member function post() on null in C:\xampp\htdocs\api-rest-composer_V2\src\routes\auth.php:9
Stack trace:
#0 C:\xampp\htdocs\api-rest-composer_V2\public\index.php(25): require()
#1 {main}
  thrown in C:\xampp\htdocs\api-rest-composer_V2\src\routes\auth.php on line 9
[17-Nov-2024 14:06:29 America/Tegucigalpa] PHP Warning:  Undefined variable $app in C:\xampp\htdocs\api-rest-composer_V2\src\routes\auth.php on line 9
[17-Nov-2024 14:06:29 America/Tegucigalpa] PHP Fatal error:  Uncaught Error: Call to a member function post() on null in C:\xampp\htdocs\api-rest-composer_V2\src\routes\auth.php:9
Stack trace:
#0 C:\xampp\htdocs\api-rest-composer_V2\public\index.php(25): require()
#1 {main}
  thrown in C:\xampp\htdocs\api-rest-composer_V2\src\routes\auth.php on line 9
[17-Nov-2024 14:07:52 America/Tegucigalpa] PHP Warning:  Undefined variable $app in C:\xampp\htdocs\api-rest-composer_V2\src\routes\auth.php on line 9
[17-Nov-2024 14:07:52 America/Tegucigalpa] PHP Fatal error:  Uncaught Error: Call to a member function post() on null in C:\xampp\htdocs\api-rest-composer_V2\src\routes\auth.php:9
Stack trace:
#0 C:\xampp\htdocs\api-rest-composer_V2\public\index.php(25): require()
#1 {main}
  thrown in C:\xampp\htdocs\api-rest-composer_V2\src\routes\auth.php on line 9
[17-Nov-2024 14:08:55 America/Tegucigalpa] PHP Warning:  Undefined variable $app in C:\xampp\htdocs\api-rest-composer_V2\src\routes\auth.php on line 9
[17-Nov-2024 14:08:55 America/Tegucigalpa] PHP Fatal error:  Uncaught Error: Call to a member function post() on null in C:\xampp\htdocs\api-rest-composer_V2\src\routes\auth.php:9
Stack trace:
#0 C:\xampp\htdocs\api-rest-composer_V2\public\index.php(25): require()
#1 {main}
  thrown in C:\xampp\htdocs\api-rest-composer_V2\src\routes\auth.php on line 9
[17-Nov-2024 14:09:55 America/Tegucigalpa] PHP Warning:  Undefined variable $app in C:\xampp\htdocs\api-rest-composer_V2\src\routes\auth.php on line 9
[17-Nov-2024 14:09:55 America/Tegucigalpa] PHP Fatal error:  Uncaught Error: Call to a member function post() on null in C:\xampp\htdocs\api-rest-composer_V2\src\routes\auth.php:9
Stack trace:
#0 C:\xampp\htdocs\api-rest-composer_V2\public\index.php(25): require()
#1 {main}
  thrown in C:\xampp\htdocs\api-rest-composer_V2\src\routes\auth.php on line 9
[17-Nov-2024 14:10:05 America/Tegucigalpa] PHP Warning:  Undefined variable $app in C:\xampp\htdocs\api-rest-composer_V2\src\routes\auth.php on line 9
[17-Nov-2024 14:10:05 America/Tegucigalpa] PHP Fatal error:  Uncaught Error: Call to a member function post() on null in C:\xampp\htdocs\api-rest-composer_V2\src\routes\auth.php:9
Stack trace:
#0 C:\xampp\htdocs\api-rest-composer_V2\public\index.php(25): require()
#1 {main}
  thrown in C:\xampp\htdocs\api-rest-composer_V2\src\routes\auth.php on line 9
[17-Nov-2024 14:10:14 America/Tegucigalpa] PHP Warning:  Undefined variable $app in C:\xampp\htdocs\api-rest-composer_V2\src\routes\auth.php on line 9
[17-Nov-2024 14:10:14 America/Tegucigalpa] PHP Fatal error:  Uncaught Error: Call to a member function post() on null in C:\xampp\htdocs\api-rest-composer_V2\src\routes\auth.php:9
Stack trace:
#0 C:\xampp\htdocs\api-rest-composer_V2\public\index.php(25): require()
#1 {main}
  thrown in C:\xampp\htdocs\api-rest-composer_V2\src\routes\auth.php on line 9
[17-Nov-2024 14:10:25 America/Tegucigalpa] PHP Warning:  Undefined variable $app in C:\xampp\htdocs\api-rest-composer_V2\src\routes\auth.php on line 9
[17-Nov-2024 14:10:25 America/Tegucigalpa] PHP Fatal error:  Uncaught Error: Call to a member function post() on null in C:\xampp\htdocs\api-rest-composer_V2\src\routes\auth.php:9
Stack trace:
#0 C:\xampp\htdocs\api-rest-composer_V2\public\index.php(25): require()
#1 {main}
  thrown in C:\xampp\htdocs\api-rest-composer_V2\src\routes\auth.php on line 9
[17-Nov-2024 14:10:41 America/Tegucigalpa] PHP Warning:  Undefined variable $app in C:\xampp\htdocs\api-rest-composer_V2\src\routes\auth.php on line 9
[17-Nov-2024 14:10:41 America/Tegucigalpa] PHP Fatal error:  Uncaught Error: Call to a member function post() on null in C:\xampp\htdocs\api-rest-composer_V2\src\routes\auth.php:9
Stack trace:
#0 C:\xampp\htdocs\api-rest-composer_V2\public\index.php(25): require()
#1 {main}
  thrown in C:\xampp\htdocs\api-rest-composer_V2\src\routes\auth.php on line 9
[17-Nov-2024 14:10:48 America/Tegucigalpa] PHP Warning:  Undefined variable $app in C:\xampp\htdocs\api-rest-composer_V2\src\routes\auth.php on line 9
[17-Nov-2024 14:10:48 America/Tegucigalpa] PHP Fatal error:  Uncaught Error: Call to a member function post() on null in C:\xampp\htdocs\api-rest-composer_V2\src\routes\auth.php:9
Stack trace:
#0 C:\xampp\htdocs\api-rest-composer_V2\public\index.php(25): require()
#1 {main}
  thrown in C:\xampp\htdocs\api-rest-composer_V2\src\routes\auth.php on line 9
[17-Nov-2024 14:10:59 America/Tegucigalpa] PHP Warning:  Undefined variable $app in C:\xampp\htdocs\api-rest-composer_V2\src\routes\auth.php on line 9
[17-Nov-2024 14:10:59 America/Tegucigalpa] PHP Fatal error:  Uncaught Error: Call to a member function post() on null in C:\xampp\htdocs\api-rest-composer_V2\src\routes\auth.php:9
Stack trace:
#0 C:\xampp\htdocs\api-rest-composer_V2\public\index.php(25): require()
#1 {main}
  thrown in C:\xampp\htdocs\api-rest-composer_V2\src\routes\auth.php on line 9
[17-Nov-2024 14:11:13 America/Tegucigalpa] Esto es una prueba de un error
[17-Nov-2024 14:11:25 America/Tegucigalpa] Esto es una prueba de un error
[17-Nov-2024 14:11:38 America/Tegucigalpa] PHP Warning:  Undefined variable $app in C:\xampp\htdocs\api-rest-composer_V2\src\routes\auth.php on line 9
[17-Nov-2024 14:11:38 America/Tegucigalpa] PHP Fatal error:  Uncaught Error: Call to a member function post() on null in C:\xampp\htdocs\api-rest-composer_V2\src\routes\auth.php:9
Stack trace:
#0 C:\xampp\htdocs\api-rest-composer_V2\public\index.php(25): require()
#1 {main}
  thrown in C:\xampp\htdocs\api-rest-composer_V2\src\routes\auth.php on line 9
[17-Nov-2024 14:11:45 America/Tegucigalpa] PHP Warning:  Undefined variable $app in C:\xampp\htdocs\api-rest-composer_V2\src\routes\auth.php on line 9
[17-Nov-2024 14:11:45 America/Tegucigalpa] PHP Fatal error:  Uncaught Error: Call to a member function post() on null in C:\xampp\htdocs\api-rest-composer_V2\src\routes\auth.php:9
Stack trace:
#0 C:\xampp\htdocs\api-rest-composer_V2\public\index.php(25): require()
#1 {main}
  thrown in C:\xampp\htdocs\api-rest-composer_V2\src\routes\auth.php on line 9
[17-Nov-2024 14:11:55 America/Tegucigalpa] PHP Warning:  Undefined variable $app in C:\xampp\htdocs\api-rest-composer_V2\src\routes\auth.php on line 9
[17-Nov-2024 14:11:55 America/Tegucigalpa] PHP Fatal error:  Uncaught Error: Call to a member function post() on null in C:\xampp\htdocs\api-rest-composer_V2\src\routes\auth.php:9
Stack trace:
#0 C:\xampp\htdocs\api-rest-composer_V2\public\index.php(25): require()
#1 {main}
  thrown in C:\xampp\htdocs\api-rest-composer_V2\src\routes\auth.php on line 9
[17-Nov-2024 14:12:07 America/Tegucigalpa] PHP Warning:  Undefined variable $app in C:\xampp\htdocs\api-rest-composer_V2\src\routes\auth.php on line 9
[17-Nov-2024 14:12:07 America/Tegucigalpa] PHP Fatal error:  Uncaught Error: Call to a member function post() on null in C:\xampp\htdocs\api-rest-composer_V2\src\routes\auth.php:9
Stack trace:
#0 C:\xampp\htdocs\api-rest-composer_V2\public\index.php(25): require()
#1 {main}
  thrown in C:\xampp\htdocs\api-rest-composer_V2\src\routes\auth.php on line 9
[17-Nov-2024 14:13:08 America/Tegucigalpa] PHP Warning:  Undefined variable $app in C:\xampp\htdocs\api-rest-composer_V2\src\routes\auth.php on line 9
[17-Nov-2024 14:13:08 America/Tegucigalpa] PHP Fatal error:  Uncaught Error: Call to a member function post() on null in C:\xampp\htdocs\api-rest-composer_V2\src\routes\auth.php:9
Stack trace:
#0 C:\xampp\htdocs\api-rest-composer_V2\public\index.php(25): require()
#1 {main}
  thrown in C:\xampp\htdocs\api-rest-composer_V2\src\routes\auth.php on line 9
[17-Nov-2024 14:14:48 America/Tegucigalpa] PHP Warning:  Undefined variable $app in C:\xampp\htdocs\api-rest-composer_V2\src\routes\auth.php on line 9
[17-Nov-2024 14:14:48 America/Tegucigalpa] PHP Fatal error:  Uncaught Error: Call to a member function post() on null in C:\xampp\htdocs\api-rest-composer_V2\src\routes\auth.php:9
Stack trace:
#0 C:\xampp\htdocs\api-rest-composer_V2\public\index.php(25): require()
#1 {main}
  thrown in C:\xampp\htdocs\api-rest-composer_V2\src\routes\auth.php on line 9
[17-Nov-2024 14:14:58 America/Tegucigalpa] Esto es una prueba de un error
[17-Nov-2024 14:15:09 America/Tegucigalpa] PHP Warning:  Undefined variable $app in C:\xampp\htdocs\api-rest-composer_V2\src\routes\auth.php on line 9
[17-Nov-2024 14:15:09 America/Tegucigalpa] PHP Fatal error:  Uncaught Error: Call to a member function post() on null in C:\xampp\htdocs\api-rest-composer_V2\src\routes\auth.php:9
Stack trace:
#0 C:\xampp\htdocs\api-rest-composer_V2\public\index.php(25): require()
#1 {main}
  thrown in C:\xampp\htdocs\api-rest-composer_V2\src\routes\auth.php on line 9
[17-Nov-2024 14:15:40 America/Tegucigalpa] PHP Warning:  Undefined variable $app in C:\xampp\htdocs\api-rest-composer_V2\src\routes\auth.php on line 9
[17-Nov-2024 14:15:40 America/Tegucigalpa] PHP Fatal error:  Uncaught Error: Call to a member function post() on null in C:\xampp\htdocs\api-rest-composer_V2\src\routes\auth.php:9
Stack trace:
#0 C:\xampp\htdocs\api-rest-composer_V2\public\index.php(25): require()
#1 {main}
  thrown in C:\xampp\htdocs\api-rest-composer_V2\src\routes\auth.php on line 9
[17-Nov-2024 14:15:48 America/Tegucigalpa] PHP Warning:  Undefined variable $app in C:\xampp\htdocs\api-rest-composer_V2\src\routes\auth.php on line 9
[17-Nov-2024 14:15:48 America/Tegucigalpa] PHP Fatal error:  Uncaught Error: Call to a member function post() on null in C:\xampp\htdocs\api-rest-composer_V2\src\routes\auth.php:9
Stack trace:
#0 C:\xampp\htdocs\api-rest-composer_V2\public\index.php(25): require()
#1 {main}
  thrown in C:\xampp\htdocs\api-rest-composer_V2\src\routes\auth.php on line 9
[17-Nov-2024 14:17:58 America/Tegucigalpa] PHP Warning:  Undefined variable $app in C:\xampp\htdocs\api-rest-composer_V2\src\routes\auth.php on line 9
[17-Nov-2024 14:17:58 America/Tegucigalpa] PHP Fatal error:  Uncaught Error: Call to a member function post() on null in C:\xampp\htdocs\api-rest-composer_V2\src\routes\auth.php:9
Stack trace:
#0 C:\xampp\htdocs\api-rest-composer_V2\public\index.php(25): require()
#1 {main}
  thrown in C:\xampp\htdocs\api-rest-composer_V2\src\routes\auth.php on line 9
[17-Nov-2024 14:18:25 America/Tegucigalpa] PHP Warning:  Undefined variable $app in C:\xampp\htdocs\api-rest-composer_V2\src\routes\auth.php on line 9
[17-Nov-2024 14:18:25 America/Tegucigalpa] PHP Fatal error:  Uncaught Error: Call to a member function post() on null in C:\xampp\htdocs\api-rest-composer_V2\src\routes\auth.php:9
Stack trace:
#0 C:\xampp\htdocs\api-rest-composer_V2\public\index.php(25): require()
#1 {main}
  thrown in C:\xampp\htdocs\api-rest-composer_V2\src\routes\auth.php on line 9
[17-Nov-2024 14:18:34 America/Tegucigalpa] PHP Warning:  Undefined variable $app in C:\xampp\htdocs\api-rest-composer_V2\src\routes\auth.php on line 9
[17-Nov-2024 14:18:34 America/Tegucigalpa] PHP Fatal error:  Uncaught Error: Call to a member function post() on null in C:\xampp\htdocs\api-rest-composer_V2\src\routes\auth.php:9
Stack trace:
#0 C:\xampp\htdocs\api-rest-composer_V2\public\index.php(25): require()
#1 {main}
  thrown in C:\xampp\htdocs\api-rest-composer_V2\src\routes\auth.php on line 9
[17-Nov-2024 14:18:39 America/Tegucigalpa] PHP Warning:  Undefined variable $app in C:\xampp\htdocs\api-rest-composer_V2\src\routes\auth.php on line 9
[17-Nov-2024 14:18:39 America/Tegucigalpa] PHP Fatal error:  Uncaught Error: Call to a member function post() on null in C:\xampp\htdocs\api-rest-composer_V2\src\routes\auth.php:9
Stack trace:
#0 C:\xampp\htdocs\api-rest-composer_V2\public\index.php(25): require()
#1 {main}
  thrown in C:\xampp\htdocs\api-rest-composer_V2\src\routes\auth.php on line 9
[17-Nov-2024 14:19:20 America/Tegucigalpa] PHP Warning:  Undefined variable $app in C:\xampp\htdocs\api-rest-composer_V2\src\routes\auth.php on line 9
[17-Nov-2024 14:19:20 America/Tegucigalpa] PHP Fatal error:  Uncaught Error: Call to a member function post() on null in C:\xampp\htdocs\api-rest-composer_V2\src\routes\auth.php:9
Stack trace:
#0 C:\xampp\htdocs\api-rest-composer_V2\public\index.php(25): require()
#1 {main}
  thrown in C:\xampp\htdocs\api-rest-composer_V2\src\routes\auth.php on line 9
[17-Nov-2024 14:20:18 America/Tegucigalpa] PHP Warning:  Undefined variable $app in C:\xampp\htdocs\api-rest-composer_V2\src\routes\auth.php on line 9
[17-Nov-2024 14:20:18 America/Tegucigalpa] PHP Fatal error:  Uncaught Error: Call to a member function post() on null in C:\xampp\htdocs\api-rest-composer_V2\src\routes\auth.php:9
Stack trace:
#0 C:\xampp\htdocs\api-rest-composer_V2\public\index.php(25): require()
#1 {main}
  thrown in C:\xampp\htdocs\api-rest-composer_V2\src\routes\auth.php on line 9
[17-Nov-2024 14:20:30 America/Tegucigalpa] PHP Warning:  Undefined variable $app in C:\xampp\htdocs\api-rest-composer_V2\src\routes\auth.php on line 9
[17-Nov-2024 14:20:30 America/Tegucigalpa] PHP Fatal error:  Uncaught Error: Call to a member function post() on null in C:\xampp\htdocs\api-rest-composer_V2\src\routes\auth.php:9
Stack trace:
#0 C:\xampp\htdocs\api-rest-composer_V2\public\index.php(25): require()
#1 {main}
  thrown in C:\xampp\htdocs\api-rest-composer_V2\src\routes\auth.php on line 9
[17-Nov-2024 14:20:35 America/Tegucigalpa] PHP Warning:  Undefined variable $app in C:\xampp\htdocs\api-rest-composer_V2\src\routes\auth.php on line 9
[17-Nov-2024 14:20:35 America/Tegucigalpa] PHP Fatal error:  Uncaught Error: Call to a member function post() on null in C:\xampp\htdocs\api-rest-composer_V2\src\routes\auth.php:9
Stack trace:
#0 C:\xampp\htdocs\api-rest-composer_V2\public\index.php(25): require()
#1 {main}
  thrown in C:\xampp\htdocs\api-rest-composer_V2\src\routes\auth.php on line 9
[17-Nov-2024 14:21:08 America/Tegucigalpa] PHP Warning:  Undefined variable $app in C:\xampp\htdocs\api-rest-composer_V2\src\routes\auth.php on line 9
[17-Nov-2024 14:21:08 America/Tegucigalpa] PHP Fatal error:  Uncaught Error: Call to a member function post() on null in C:\xampp\htdocs\api-rest-composer_V2\src\routes\auth.php:9
Stack trace:
#0 C:\xampp\htdocs\api-rest-composer_V2\public\index.php(25): require()
#1 {main}
  thrown in C:\xampp\htdocs\api-rest-composer_V2\src\routes\auth.php on line 9
[17-Nov-2024 14:22:42 America/Tegucigalpa] PHP Warning:  Undefined variable $app in C:\xampp\htdocs\api-rest-composer_V2\src\routes\auth.php on line 9
[17-Nov-2024 14:22:42 America/Tegucigalpa] PHP Fatal error:  Uncaught Error: Call to a member function post() on null in C:\xampp\htdocs\api-rest-composer_V2\src\routes\auth.php:9
Stack trace:
#0 C:\xampp\htdocs\api-rest-composer_V2\public\index.php(25): require()
#1 {main}
  thrown in C:\xampp\htdocs\api-rest-composer_V2\src\routes\auth.php on line 9
[17-Nov-2024 14:23:34 America/Tegucigalpa] PHP Warning:  Undefined variable $app in C:\xampp\htdocs\api-rest-composer_V2\src\routes\auth.php on line 9
[17-Nov-2024 14:23:34 America/Tegucigalpa] PHP Fatal error:  Uncaught Error: Call to a member function post() on null in C:\xampp\htdocs\api-rest-composer_V2\src\routes\auth.php:9
Stack trace:
#0 C:\xampp\htdocs\api-rest-composer_V2\public\index.php(25): require()
#1 {main}
  thrown in C:\xampp\htdocs\api-rest-composer_V2\src\routes\auth.php on line 9
[17-Nov-2024 14:23:44 America/Tegucigalpa] PHP Warning:  Undefined variable $app in C:\xampp\htdocs\api-rest-composer_V2\src\routes\auth.php on line 9
[17-Nov-2024 14:23:44 America/Tegucigalpa] PHP Fatal error:  Uncaught Error: Call to a member function post() on null in C:\xampp\htdocs\api-rest-composer_V2\src\routes\auth.php:9
Stack trace:
#0 C:\xampp\htdocs\api-rest-composer_V2\public\index.php(25): require()
#1 {main}
  thrown in C:\xampp\htdocs\api-rest-composer_V2\src\routes\auth.php on line 9
[17-Nov-2024 14:23:52 America/Tegucigalpa] PHP Warning:  Undefined variable $app in C:\xampp\htdocs\api-rest-composer_V2\src\routes\auth.php on line 9
[17-Nov-2024 14:23:52 America/Tegucigalpa] PHP Fatal error:  Uncaught Error: Call to a member function post() on null in C:\xampp\htdocs\api-rest-composer_V2\src\routes\auth.php:9
Stack trace:
#0 C:\xampp\htdocs\api-rest-composer_V2\public\index.php(25): require()
#1 {main}
  thrown in C:\xampp\htdocs\api-rest-composer_V2\src\routes\auth.php on line 9
[17-Nov-2024 14:25:39 America/Tegucigalpa] PHP Warning:  Undefined variable $app in C:\xampp\htdocs\api-rest-composer_V2\src\routes\auth.php on line 9
[17-Nov-2024 14:25:39 America/Tegucigalpa] PHP Fatal error:  Uncaught Error: Call to a member function post() on null in C:\xampp\htdocs\api-rest-composer_V2\src\routes\auth.php:9
Stack trace:
#0 C:\xampp\htdocs\api-rest-composer_V2\public\index.php(25): require()
#1 {main}
  thrown in C:\xampp\htdocs\api-rest-composer_V2\src\routes\auth.php on line 9
[17-Nov-2024 14:26:12 America/Tegucigalpa] Esto es una prueba de un error
[17-Nov-2024 14:37:26 America/Tegucigalpa] Esto es una prueba de un error
[17-Nov-2024 14:37:32 America/Tegucigalpa] Esto es una prueba de un error
[17-Nov-2024 14:38:21 America/Tegucigalpa] Esto es una prueba de un error
[17-Nov-2024 14:39:39 America/Tegucigalpa] PHP Warning:  Undefined variable $app in C:\xampp\htdocs\api-rest-composer_V2\src\routes\auth.php on line 9
[17-Nov-2024 14:39:39 America/Tegucigalpa] PHP Fatal error:  Uncaught Error: Call to a member function post() on null in C:\xampp\htdocs\api-rest-composer_V2\src\routes\auth.php:9
Stack trace:
#0 C:\xampp\htdocs\api-rest-composer_V2\public\index.php(25): require()
#1 {main}
  thrown in C:\xampp\htdocs\api-rest-composer_V2\src\routes\auth.php on line 9
[17-Nov-2024 14:39:53 America/Tegucigalpa] PHP Warning:  Undefined variable $app in C:\xampp\htdocs\api-rest-composer_V2\src\routes\auth.php on line 9
[17-Nov-2024 14:39:53 America/Tegucigalpa] PHP Fatal error:  Uncaught Error: Call to a member function post() on null in C:\xampp\htdocs\api-rest-composer_V2\src\routes\auth.php:9
Stack trace:
#0 C:\xampp\htdocs\api-rest-composer_V2\public\index.php(25): require()
#1 {main}
  thrown in C:\xampp\htdocs\api-rest-composer_V2\src\routes\auth.php on line 9
[17-Nov-2024 14:43:06 America/Tegucigalpa] Esto es una prueba de un error
[17-Nov-2024 14:43:15 America/Tegucigalpa] Esto es una prueba de un error
[17-Nov-2024 14:44:00 America/Tegucigalpa] Esto es una prueba de un error
[17-Nov-2024 14:56:24 America/Tegucigalpa] PHP Warning:  Undefined variable $app in C:\xampp\htdocs\api-rest-composer_V2\src\routes\auth.php on line 9
[17-Nov-2024 14:56:24 America/Tegucigalpa] PHP Fatal error:  Uncaught Error: Call to a member function post() on null in C:\xampp\htdocs\api-rest-composer_V2\src\routes\auth.php:9
Stack trace:
#0 C:\xampp\htdocs\api-rest-composer_V2\public\index.php(25): require()
#1 {main}
  thrown in C:\xampp\htdocs\api-rest-composer_V2\src\routes\auth.php on line 9
[17-Nov-2024 15:00:15 America/Tegucigalpa] PHP Warning:  Undefined variable $app in C:\xampp\htdocs\api-rest-composer_V2\src\routes\auth.php on line 9
[17-Nov-2024 15:00:15 America/Tegucigalpa] PHP Fatal error:  Uncaught Error: Call to a member function post() on null in C:\xampp\htdocs\api-rest-composer_V2\src\routes\auth.php:9
Stack trace:
#0 C:\xampp\htdocs\api-rest-composer_V2\public\index.php(25): require()
#1 {main}
  thrown in C:\xampp\htdocs\api-rest-composer_V2\src\routes\auth.php on line 9
[17-Nov-2024 16:52:03 America/Tegucigalpa] Esto es una prueba de un error
[17-Nov-2024 16:59:17 America/Tegucigalpa] Esto es una prueba de un error
[17-Nov-2024 16:59:21 America/Tegucigalpa] PHP Warning:  Undefined variable $app in C:\xampp\htdocs\api-rest-composer_V2\src\routes\auth.php on line 9
[17-Nov-2024 16:59:21 America/Tegucigalpa] PHP Fatal error:  Uncaught Error: Call to a member function post() on null in C:\xampp\htdocs\api-rest-composer_V2\src\routes\auth.php:9
Stack trace:
#0 C:\xampp\htdocs\api-rest-composer_V2\public\index.php(25): require()
#1 {main}
  thrown in C:\xampp\htdocs\api-rest-composer_V2\src\routes\auth.php on line 9
[17-Nov-2024 17:01:30 America/Tegucigalpa] PHP Warning:  Undefined variable $app in C:\xampp\htdocs\api-rest-composer_V2\src\routes\auth.php on line 9
[17-Nov-2024 17:01:30 America/Tegucigalpa] PHP Fatal error:  Uncaught Error: Call to a member function post() on null in C:\xampp\htdocs\api-rest-composer_V2\src\routes\auth.php:9
Stack trace:
#0 C:\xampp\htdocs\api-rest-composer_V2\public\index.php(25): require()
#1 {main}
  thrown in C:\xampp\htdocs\api-rest-composer_V2\src\routes\auth.php on line 9
[17-Nov-2024 17:03:11 America/Tegucigalpa] PHP Warning:  Undefined array key "rout" in C:\xampp\htdocs\api-rest-composer_V2\public\index.php on line 10
[17-Nov-2024 17:03:11 America/Tegucigalpa] PHP Deprecated:  explode(): Passing null to parameter #2 ($string) of type string is deprecated in C:\xampp\htdocs\api-rest-composer_V2\public\index.php on line 10
[17-Nov-2024 17:03:11 America/Tegucigalpa] Esto es una prueba de un error
[17-Nov-2024 17:06:36 America/Tegucigalpa] PHP Warning:  Undefined array key "rout" in C:\xampp\htdocs\api-rest-composer_V2\public\index.php on line 10
[17-Nov-2024 17:06:36 America/Tegucigalpa] PHP Deprecated:  explode(): Passing null to parameter #2 ($string) of type string is deprecated in C:\xampp\htdocs\api-rest-composer_V2\public\index.php on line 10
[17-Nov-2024 17:06:36 America/Tegucigalpa] Esto es una prueba de un error
[17-Nov-2024 17:07:35 America/Tegucigalpa] Esto es una prueba de un error
[17-Nov-2024 17:13:51 America/Tegucigalpa] PHP Warning:  Undefined variable $app in C:\xampp\htdocs\api-rest-composer_V2\src\routes\auth.php on line 9
[17-Nov-2024 17:13:51 America/Tegucigalpa] PHP Fatal error:  Uncaught Error: Call to a member function post() on null in C:\xampp\htdocs\api-rest-composer_V2\src\routes\auth.php:9
Stack trace:
#0 C:\xampp\htdocs\api-rest-composer_V2\public\index.php(25): require()
#1 {main}
  thrown in C:\xampp\htdocs\api-rest-composer_V2\src\routes\auth.php on line 9
[17-Nov-2024 17:17:38 America/Tegucigalpa] PHP Warning:  Undefined variable $app in C:\xampp\htdocs\api-rest-composer_V2\src\routes\auth.php on line 9
[17-Nov-2024 17:17:38 America/Tegucigalpa] PHP Fatal error:  Uncaught Error: Call to a member function post() on null in C:\xampp\htdocs\api-rest-composer_V2\src\routes\auth.php:9
Stack trace:
#0 C:\xampp\htdocs\api-rest-composer_V2\public\index.php(25): require()
#1 {main}
  thrown in C:\xampp\htdocs\api-rest-composer_V2\src\routes\auth.php on line 9
[17-Nov-2024 17:17:48 America/Tegucigalpa] Esto es una prueba de un error
[17-Nov-2024 17:17:53 America/Tegucigalpa] PHP Warning:  Undefined variable $app in C:\xampp\htdocs\api-rest-composer_V2\src\routes\auth.php on line 9
[17-Nov-2024 17:17:53 America/Tegucigalpa] PHP Fatal error:  Uncaught Error: Call to a member function post() on null in C:\xampp\htdocs\api-rest-composer_V2\src\routes\auth.php:9
Stack trace:
#0 C:\xampp\htdocs\api-rest-composer_V2\public\index.php(25): require()
#1 {main}
  thrown in C:\xampp\htdocs\api-rest-composer_V2\src\routes\auth.php on line 9
[17-Nov-2024 17:18:29 America/Tegucigalpa] PHP Warning:  Undefined variable $app in C:\xampp\htdocs\api-rest-composer_V2\src\routes\auth.php on line 9
[17-Nov-2024 17:18:29 America/Tegucigalpa] PHP Fatal error:  Uncaught Error: Call to a member function post() on null in C:\xampp\htdocs\api-rest-composer_V2\src\routes\auth.php:9
Stack trace:
#0 C:\xampp\htdocs\api-rest-composer_V2\public\index.php(25): require()
#1 {main}
  thrown in C:\xampp\htdocs\api-rest-composer_V2\src\routes\auth.php on line 9
[17-Nov-2024 17:21:08 America/Tegucigalpa] Esto es una prueba de un error
[17-Nov-2024 17:21:53 America/Tegucigalpa] Esto es una prueba de un error
[17-Nov-2024 17:22:05 America/Tegucigalpa] Esto es una prueba de un error
[17-Nov-2024 17:22:08 America/Tegucigalpa] PHP Warning:  Undefined variable $app in C:\xampp\htdocs\api-rest-composer_V2\src\routes\auth.php on line 9
[17-Nov-2024 17:22:08 America/Tegucigalpa] PHP Fatal error:  Uncaught Error: Call to a member function post() on null in C:\xampp\htdocs\api-rest-composer_V2\src\routes\auth.php:9
Stack trace:
#0 C:\xampp\htdocs\api-rest-composer_V2\public\index.php(25): require()
#1 {main}
  thrown in C:\xampp\htdocs\api-rest-composer_V2\src\routes\auth.php on line 9
[17-Nov-2024 17:23:39 America/Tegucigalpa] PHP Warning:  Undefined variable $app in C:\xampp\htdocs\api-rest-composer_V2\src\routes\auth.php on line 9
[17-Nov-2024 17:23:39 America/Tegucigalpa] PHP Fatal error:  Uncaught Error: Call to a member function post() on null in C:\xampp\htdocs\api-rest-composer_V2\src\routes\auth.php:9
Stack trace:
#0 C:\xampp\htdocs\api-rest-composer_V2\public\index.php(25): require()
#1 {main}
  thrown in C:\xampp\htdocs\api-rest-composer_V2\src\routes\auth.php on line 9
[17-Nov-2024 17:30:40 America/Tegucigalpa] Esto es una prueba de un error
[17-Nov-2024 17:32:21 America/Tegucigalpa] Esto es una prueba de un error
[17-Nov-2024 17:32:29 America/Tegucigalpa] Esto es una prueba de un error
[17-Nov-2024 17:33:01 America/Tegucigalpa] Esto es una prueba de un error
[17-Nov-2024 17:47:31 America/Tegucigalpa] Esto es una prueba de un error
[17-Nov-2024 18:39:51 America/Tegucigalpa] Esto es una prueba de un error
[17-Nov-2024 21:44:45 America/Tegucigalpa] Conexin Exitosa
[17-Nov-2024 21:49:06 America/Tegucigalpa] Conexin Exitosa
[17-Nov-2024 21:49:22 America/Tegucigalpa] Conexin Exitosa
[17-Nov-2024 21:54:17 America/Tegucigalpa] Esto es una prueba de un error
[17-Nov-2024 21:56:05 America/Tegucigalpa] Esto es una prueba de un error
[17-Nov-2024 21:58:16 America/Tegucigalpa] Conexin Exitosa
[17-Nov-2024 21:58:24 America/Tegucigalpa] Conexin Exitosa
[17-Nov-2024 21:59:22 America/Tegucigalpa] Conexin Exitosa
[17-Nov-2024 22:03:46 America/Tegucigalpa] Conexin Exitosa
[17-Nov-2024 22:04:22 America/Tegucigalpa] Conexin Exitosa
[17-Nov-2024 22:04:22 America/Tegucigalpa] PHP Fatal error:  Uncaught TypeError: App\config\responseHTTP::status200(): Argument #1 ($res) must be of type string, array given, called in C:\xampp\htdocs\api-rest-composer_V2\src\routes\auth.php on line 74 and defined in C:\xampp\htdocs\api-rest-composer_V2\src\config\responseHTTP.php:16
Stack trace:
#0 C:\xampp\htdocs\api-rest-composer_V2\src\routes\auth.php(74): App\config\responseHTTP::status200(Array)
#1 C:\xampp\htdocs\api-rest-composer_V2\public\index.php(25): require('C:\\xampp\\htdocs...')
#2 {main}
  thrown in C:\xampp\htdocs\api-rest-composer_V2\src\config\responseHTTP.php on line 16
[17-Nov-2024 22:14:55 America/Tegucigalpa] Conexin Exitosa
[17-Nov-2024 22:14:55 America/Tegucigalpa] PHP Fatal error:  Uncaught TypeError: App\config\responseHTTP::status200(): Argument #1 ($res) must be of type string, array given, called in C:\xampp\htdocs\api-rest-composer_V2\src\routes\auth.php on line 74 and defined in C:\xampp\htdocs\api-rest-composer_V2\src\config\responseHTTP.php:16
Stack trace:
#0 C:\xampp\htdocs\api-rest-composer_V2\src\routes\auth.php(74): App\config\responseHTTP::status200(Array)
#1 C:\xampp\htdocs\api-rest-composer_V2\public\index.php(25): require('C:\\xampp\\htdocs...')
#2 {main}
  thrown in C:\xampp\htdocs\api-rest-composer_V2\src\config\responseHTTP.php on line 16
[17-Nov-2024 22:23:33 America/Tegucigalpa] Conexin Exitosa
[17-Nov-2024 22:23:33 America/Tegucigalpa] PHP Fatal error:  Uncaught TypeError: App\config\responseHTTP::status200(): Argument #1 ($res) must be of type string, array given, called in C:\xampp\htdocs\api-rest-composer_V2\src\routes\auth.php on line 74 and defined in C:\xampp\htdocs\api-rest-composer_V2\src\config\responseHTTP.php:16
Stack trace:
#0 C:\xampp\htdocs\api-rest-composer_V2\src\routes\auth.php(74): App\config\responseHTTP::status200(Array)
#1 C:\xampp\htdocs\api-rest-composer_V2\public\index.php(25): require('C:\\xampp\\htdocs...')
#2 {main}
  thrown in C:\xampp\htdocs\api-rest-composer_V2\src\config\responseHTTP.php on line 16
[17-Nov-2024 22:23:48 America/Tegucigalpa] Conexin Exitosa
[17-Nov-2024 22:23:48 America/Tegucigalpa] PHP Fatal error:  Uncaught TypeError: App\config\responseHTTP::status200(): Argument #1 ($res) must be of type string, array given, called in C:\xampp\htdocs\api-rest-composer_V2\src\routes\auth.php on line 74 and defined in C:\xampp\htdocs\api-rest-composer_V2\src\config\responseHTTP.php:16
Stack trace:
#0 C:\xampp\htdocs\api-rest-composer_V2\src\routes\auth.php(74): App\config\responseHTTP::status200(Array)
#1 C:\xampp\htdocs\api-rest-composer_V2\public\index.php(25): require('C:\\xampp\\htdocs...')
#2 {main}
  thrown in C:\xampp\htdocs\api-rest-composer_V2\src\config\responseHTTP.php on line 16
[17-Nov-2024 22:27:51 America/Tegucigalpa] Conexin Exitosa
[17-Nov-2024 22:27:51 America/Tegucigalpa] PHP Fatal error:  Uncaught TypeError: App\config\responseHTTP::status200(): Argument #1 ($res) must be of type string, array given, called in C:\xampp\htdocs\api-rest-composer_V2\src\routes\auth.php on line 75 and defined in C:\xampp\htdocs\api-rest-composer_V2\src\config\responseHTTP.php:16
Stack trace:
#0 C:\xampp\htdocs\api-rest-composer_V2\src\routes\auth.php(75): App\config\responseHTTP::status200(Array)
#1 C:\xampp\htdocs\api-rest-composer_V2\public\index.php(25): require('C:\\xampp\\htdocs...')
#2 {main}
  thrown in C:\xampp\htdocs\api-rest-composer_V2\src\config\responseHTTP.php on line 16
[17-Nov-2024 22:32:07 America/Tegucigalpa] Conexin Exitosa
[17-Nov-2024 22:35:28 America/Tegucigalpa] Conexin Exitosa
[17-Nov-2024 22:35:29 America/Tegucigalpa] PHP Fatal error:  Uncaught TypeError: App\config\responseHTTP::status200(): Argument #1 ($res) must be of type string, array given, called in C:\xampp\htdocs\api-rest-composer_V2\src\routes\auth.php on line 32 and defined in C:\xampp\htdocs\api-rest-composer_V2\src\config\responseHTTP.php:16
Stack trace:
#0 C:\xampp\htdocs\api-rest-composer_V2\src\routes\auth.php(32): App\config\responseHTTP::status200(Array)
#1 C:\xampp\htdocs\api-rest-composer_V2\public\index.php(25): require('C:\\xampp\\htdocs...')
#2 {main}
  thrown in C:\xampp\htdocs\api-rest-composer_V2\src\config\responseHTTP.php on line 16
[17-Nov-2024 22:42:30 America/Tegucigalpa] Conexin Exitosa
[17-Nov-2024 22:42:30 America/Tegucigalpa] PHP Fatal error:  Uncaught TypeError: App\config\responseHTTP::status200(): Argument #1 ($res) must be of type string, array given, called in C:\xampp\htdocs\api-rest-composer_V2\src\routes\auth.php on line 75 and defined in C:\xampp\htdocs\api-rest-composer_V2\src\config\responseHTTP.php:16
Stack trace:
#0 C:\xampp\htdocs\api-rest-composer_V2\src\routes\auth.php(75): App\config\responseHTTP::status200(Array)
#1 C:\xampp\htdocs\api-rest-composer_V2\public\index.php(25): require('C:\\xampp\\htdocs...')
#2 {main}
  thrown in C:\xampp\htdocs\api-rest-composer_V2\src\config\responseHTTP.php on line 16
[17-Nov-2024 22:42:42 America/Tegucigalpa] Conexin Exitosa
[17-Nov-2024 22:43:47 America/Tegucigalpa] Conexin Exitosa
[17-Nov-2024 22:48:17 America/Tegucigalpa] Conexin Exitosa
[17-Nov-2024 22:48:17 America/Tegucigalpa] PHP Fatal error:  Uncaught TypeError: App\config\responseHTTP::status200(): Argument #1 ($res) must be of type string, array given, called in C:\xampp\htdocs\api-rest-composer_V2\src\routes\auth.php on line 75 and defined in C:\xampp\htdocs\api-rest-composer_V2\src\config\responseHTTP.php:16
Stack trace:
#0 C:\xampp\htdocs\api-rest-composer_V2\src\routes\auth.php(75): App\config\responseHTTP::status200(Array)
#1 C:\xampp\htdocs\api-rest-composer_V2\public\index.php(25): require('C:\\xampp\\htdocs...')
#2 {main}
  thrown in C:\xampp\htdocs\api-rest-composer_V2\src\config\responseHTTP.php on line 16
[17-Nov-2024 22:52:18 America/Tegucigalpa] Conexin Exitosa
[17-Nov-2024 22:52:19 America/Tegucigalpa] PHP Fatal error:  Uncaught TypeError: App\config\responseHTTP::status200(): Argument #1 ($res) must be of type string, array given, called in C:\xampp\htdocs\api-rest-composer_V2\src\routes\auth.php on line 73 and defined in C:\xampp\htdocs\api-rest-composer_V2\src\config\responseHTTP.php:16
Stack trace:
#0 C:\xampp\htdocs\api-rest-composer_V2\src\routes\auth.php(73): App\config\responseHTTP::status200(Array)
#1 C:\xampp\htdocs\api-rest-composer_V2\public\index.php(25): require('C:\\xampp\\htdocs...')
#2 {main}
  thrown in C:\xampp\htdocs\api-rest-composer_V2\src\config\responseHTTP.php on line 16
[17-Nov-2024 22:52:52 America/Tegucigalpa] Conexin Exitosa
[17-Nov-2024 22:52:52 America/Tegucigalpa] PHP Fatal error:  Uncaught TypeError: App\config\responseHTTP::status200(): Argument #1 ($res) must be of type string, array given, called in C:\xampp\htdocs\api-rest-composer_V2\src\routes\auth.php on line 73 and defined in C:\xampp\htdocs\api-rest-composer_V2\src\config\responseHTTP.php:16
Stack trace:
#0 C:\xampp\htdocs\api-rest-composer_V2\src\routes\auth.php(73): App\config\responseHTTP::status200(Array)
#1 C:\xampp\htdocs\api-rest-composer_V2\public\index.php(25): require('C:\\xampp\\htdocs...')
#2 {main}
  thrown in C:\xampp\htdocs\api-rest-composer_V2\src\config\responseHTTP.php on line 16
[17-Nov-2024 22:57:07 America/Tegucigalpa] Conexin Exitosa
[17-Nov-2024 22:57:07 America/Tegucigalpa] PHP Fatal error:  Uncaught TypeError: App\config\responseHTTP::status200(): Argument #1 ($res) must be of type string, array given, called in C:\xampp\htdocs\api-rest-composer_V2\src\routes\auth.php on line 39 and defined in C:\xampp\htdocs\api-rest-composer_V2\src\config\responseHTTP.php:16
Stack trace:
#0 C:\xampp\htdocs\api-rest-composer_V2\src\routes\auth.php(39): App\config\responseHTTP::status200(Array)
#1 C:\xampp\htdocs\api-rest-composer_V2\public\index.php(25): require('C:\\xampp\\htdocs...')
#2 {main}
  thrown in C:\xampp\htdocs\api-rest-composer_V2\src\config\responseHTTP.php on line 16
[17-Nov-2024 23:00:33 America/Tegucigalpa] Conexin Exitosa
[17-Nov-2024 23:02:37 America/Tegucigalpa] Conexin Exitosa
[17-Nov-2024 23:05:28 America/Tegucigalpa] Conexin Exitosa
[17-Nov-2024 23:06:14 America/Tegucigalpa] Conexin Exitosa
[17-Nov-2024 23:06:39 America/Tegucigalpa] Conexin Exitosa
[17-Nov-2024 23:09:14 America/Tegucigalpa] Conexin Exitosa
[17-Nov-2024 23:09:14 America/Tegucigalpa] La contrasea es incorrecta
[17-Nov-2024 23:09:24 America/Tegucigalpa] Conexin Exitosa
[17-Nov-2024 23:13:26 America/Tegucigalpa] Conexin Exitosa
[17-Nov-2024 23:13:58 America/Tegucigalpa] Conexin Exitosa
[17-Nov-2024 23:29:56 America/Tegucigalpa] Esto es una prueba de un error
[17-Nov-2024 23:29:58 America/Tegucigalpa] Esto es una prueba de un error
[17-Nov-2024 23:29:59 America/Tegucigalpa] Esto es una prueba de un error
[17-Nov-2024 23:30:00 America/Tegucigalpa] Esto es una prueba de un error
[17-Nov-2024 23:30:00 America/Tegucigalpa] Esto es una prueba de un error
[17-Nov-2024 23:30:01 America/Tegucigalpa] Esto es una prueba de un error
[17-Nov-2024 23:30:01 America/Tegucigalpa] Esto es una prueba de un error
[17-Nov-2024 23:30:02 America/Tegucigalpa] Esto es una prueba de un error
[17-Nov-2024 23:30:02 America/Tegucigalpa] Esto es una prueba de un error
[17-Nov-2024 23:30:02 America/Tegucigalpa] Esto es una prueba de un error
[17-Nov-2024 23:30:03 America/Tegucigalpa] Esto es una prueba de un error
[17-Nov-2024 23:30:03 America/Tegucigalpa] Esto es una prueba de un error
[17-Nov-2024 23:30:04 America/Tegucigalpa] Esto es una prueba de un error
[17-Nov-2024 23:30:04 America/Tegucigalpa] Esto es una prueba de un error
[17-Nov-2024 23:30:05 America/Tegucigalpa] Esto es una prueba de un error
[17-Nov-2024 23:30:05 America/Tegucigalpa] Esto es una prueba de un error
[17-Nov-2024 23:30:05 America/Tegucigalpa] Esto es una prueba de un error
[17-Nov-2024 23:30:05 America/Tegucigalpa] Esto es una prueba de un error
[17-Nov-2024 23:30:06 America/Tegucigalpa] Esto es una prueba de un error
[17-Nov-2024 23:30:07 America/Tegucigalpa] Esto es una prueba de un error
[17-Nov-2024 23:30:07 America/Tegucigalpa] Esto es una prueba de un error
[17-Nov-2024 23:30:08 America/Tegucigalpa] Esto es una prueba de un error
[17-Nov-2024 23:30:09 America/Tegucigalpa] Esto es una prueba de un error
[17-Nov-2024 23:30:09 America/Tegucigalpa] Esto es una prueba de un error
[17-Nov-2024 23:30:19 America/Tegucigalpa] Esto es una prueba de un error
[17-Nov-2024 23:30:20 America/Tegucigalpa] Esto es una prueba de un error
[17-Nov-2024 23:30:21 America/Tegucigalpa] Esto es una prueba de un error
[17-Nov-2024 23:30:21 America/Tegucigalpa] Esto es una prueba de un error
[17-Nov-2024 23:30:22 America/Tegucigalpa] Esto es una prueba de un error
[17-Nov-2024 23:30:22 America/Tegucigalpa] Esto es una prueba de un error
[17-Nov-2024 23:30:23 America/Tegucigalpa] Esto es una prueba de un error
[17-Nov-2024 23:30:24 America/Tegucigalpa] Esto es una prueba de un error
[17-Nov-2024 23:30:24 America/Tegucigalpa] Esto es una prueba de un error
[17-Nov-2024 23:30:25 America/Tegucigalpa] Esto es una prueba de un error
[17-Nov-2024 23:30:26 America/Tegucigalpa] Esto es una prueba de un error
[17-Nov-2024 23:30:26 America/Tegucigalpa] Esto es una prueba de un error
[17-Nov-2024 23:33:59 America/Tegucigalpa] Esto es una prueba de un error
[17-Nov-2024 23:44:23 America/Tegucigalpa] Esto es una prueba de un error
[17-Nov-2024 23:44:25 America/Tegucigalpa] Esto es una prueba de un error
[17-Nov-2024 23:44:26 America/Tegucigalpa] Esto es una prueba de un error
[17-Nov-2024 23:44:27 America/Tegucigalpa] Esto es una prueba de un error
[17-Nov-2024 23:44:30 America/Tegucigalpa] Esto es una prueba de un error
[17-Nov-2024 23:44:31 America/Tegucigalpa] Esto es una prueba de un error
[17-Nov-2024 23:44:32 America/Tegucigalpa] Esto es una prueba de un error
[17-Nov-2024 23:44:34 America/Tegucigalpa] Esto es una prueba de un error
[17-Nov-2024 23:44:35 America/Tegucigalpa] Esto es una prueba de un error
[17-Nov-2024 23:45:55 America/Tegucigalpa] Esto es una prueba de un error
[17-Nov-2024 23:49:45 America/Tegucigalpa] Esto es una prueba de un error
[17-Nov-2024 23:49:46 America/Tegucigalpa] Esto es una prueba de un error
[17-Nov-2024 23:49:46 America/Tegucigalpa] Esto es una prueba de un error
[17-Nov-2024 23:49:46 America/Tegucigalpa] Esto es una prueba de un error
[17-Nov-2024 23:49:47 America/Tegucigalpa] Esto es una prueba de un error
[17-Nov-2024 23:49:47 America/Tegucigalpa] Esto es una prueba de un error
[18-Nov-2024 00:00:39 America/Tegucigalpa] PHP Fatal error:  Uncaught Error: Call to undefined method App\config\responseHTTP::status405() in C:\xampp\htdocs\api-rest-composer_V2\src\routes\auth.php:87
Stack trace:
#0 C:\xampp\htdocs\api-rest-composer_V2\public\index.php(26): require()
#1 {main}
  thrown in C:\xampp\htdocs\api-rest-composer_V2\src\routes\auth.php on line 87
[18-Nov-2024 00:08:31 America/Tegucigalpa] PHP Fatal error:  Uncaught Error: Call to undefined method App\config\responseHTTP::status405() in C:\xampp\htdocs\api-rest-composer_V2\src\routes\auth.php:87
Stack trace:
#0 C:\xampp\htdocs\api-rest-composer_V2\public\index.php(26): require()
#1 {main}
  thrown in C:\xampp\htdocs\api-rest-composer_V2\src\routes\auth.php on line 87
[18-Nov-2024 00:08:41 America/Tegucigalpa] PHP Fatal error:  Uncaught Error: Call to undefined method App\config\responseHTTP::status405() in C:\xampp\htdocs\api-rest-composer_V2\src\routes\auth.php:87
Stack trace:
#0 C:\xampp\htdocs\api-rest-composer_V2\public\index.php(26): require()
#1 {main}
  thrown in C:\xampp\htdocs\api-rest-composer_V2\src\routes\auth.php on line 87
[18-Nov-2024 00:08:44 America/Tegucigalpa] PHP Fatal error:  Uncaught Error: Call to undefined method App\config\responseHTTP::status405() in C:\xampp\htdocs\api-rest-composer_V2\src\routes\auth.php:87
Stack trace:
#0 C:\xampp\htdocs\api-rest-composer_V2\public\index.php(26): require()
#1 {main}
  thrown in C:\xampp\htdocs\api-rest-composer_V2\src\routes\auth.php on line 87
[18-Nov-2024 00:09:36 America/Tegucigalpa] PHP Fatal error:  Uncaught Error: Call to undefined method App\config\responseHTTP::status405() in C:\xampp\htdocs\api-rest-composer_V2\src\routes\auth.php:87
Stack trace:
#0 C:\xampp\htdocs\api-rest-composer_V2\public\index.php(26): require()
#1 {main}
  thrown in C:\xampp\htdocs\api-rest-composer_V2\src\routes\auth.php on line 87
[18-Nov-2024 00:09:56 America/Tegucigalpa] PHP Fatal error:  Uncaught Error: Call to undefined method App\config\responseHTTP::status405() in C:\xampp\htdocs\api-rest-composer_V2\src\routes\auth.php:87
Stack trace:
#0 C:\xampp\htdocs\api-rest-composer_V2\public\index.php(26): require()
#1 {main}
  thrown in C:\xampp\htdocs\api-rest-composer_V2\src\routes\auth.php on line 87
[18-Nov-2024 02:02:37 America/Tegucigalpa] PHP Fatal error:  Uncaught Error: Call to undefined method App\config\responseHTTP::status405() in C:\xampp\htdocs\api-rest-composer_V2\src\routes\auth.php:87
Stack trace:
#0 C:\xampp\htdocs\api-rest-composer_V2\public\index.php(26): require()
#1 {main}
  thrown in C:\xampp\htdocs\api-rest-composer_V2\src\routes\auth.php on line 87
[18-Nov-2024 02:15:58 America/Tegucigalpa] Esto es una prueba de un error
[18-Nov-2024 02:16:36 America/Tegucigalpa] Esto es una prueba de un error
[18-Nov-2024 02:16:56 America/Tegucigalpa] Esto es una prueba de un error
[18-Nov-2024 02:17:37 America/Tegucigalpa] Esto es una prueba de un error
[18-Nov-2024 02:17:50 America/Tegucigalpa] Esto es una prueba de un error
[18-Nov-2024 02:45:32 America/Tegucigalpa] Conexin Exitosa
[18-Nov-2024 02:49:21 America/Tegucigalpa] Conexin Exitosa
[18-Nov-2024 03:10:55 America/Tegucigalpa] Conexin Exitosa
[18-Nov-2024 03:22:46 America/Tegucigalpa] Conexin Exitosa
[18-Nov-2024 03:22:46 America/Tegucigalpa] La contrasea es incorrecta
[18-Nov-2024 03:22:51 America/Tegucigalpa] Conexin Exitosa
[18-Nov-2024 03:40:13 America/Tegucigalpa] Conexin Exitosa
[18-Nov-2024 03:44:08 America/Tegucigalpa] Conexin Exitosa
[18-Nov-2024 03:46:22 America/Tegucigalpa] Conexin Exitosa
[18-Nov-2024 03:46:22 America/Tegucigalpa] PHP Warning:  Undefined array key "correo" in C:\xampp\htdocs\api-rest-composer_V2\src\routes\auth.php on line 68
[18-Nov-2024 03:48:42 America/Tegucigalpa] Conexin Exitosa
[18-Nov-2024 03:48:42 America/Tegucigalpa] PHP Warning:  Undefined array key "correo" in C:\xampp\htdocs\api-rest-composer_V2\src\routes\auth.php on line 68
[18-Nov-2024 03:53:30 America/Tegucigalpa] Conexin Exitosa
[18-Nov-2024 03:55:19 America/Tegucigalpa] Conexin Exitosa
[18-Nov-2024 03:55:19 America/Tegucigalpa] La contrasea es incorrecta
[18-Nov-2024 03:55:31 America/Tegucigalpa] Conexin Exitosa
[18-Nov-2024 03:55:33 America/Tegucigalpa] Conexin Exitosa
[18-Nov-2024 03:55:50 America/Tegucigalpa] Conexin Exitosa
[18-Nov-2024 03:57:02 America/Tegucigalpa] Conexin Exitosa
[18-Nov-2024 04:07:20 America/Tegucigalpa] Conexin Exitosa
[18-Nov-2024 04:07:35 America/Tegucigalpa] Conexin Exitosa
[18-Nov-2024 04:08:51 America/Tegucigalpa] Conexin Exitosa
[18-Nov-2024 04:09:19 America/Tegucigalpa] Conexin Exitosa
[18-Nov-2024 04:09:32 America/Tegucigalpa] Conexin Exitosa
[18-Nov-2024 04:20:22 America/Tegucigalpa] Conexin Exitosa
[18-Nov-2024 04:21:54 America/Tegucigalpa] Conexin Exitosa
[18-Nov-2024 04:22:23 America/Tegucigalpa] Conexin Exitosa
[18-Nov-2024 04:23:59 America/Tegucigalpa] Conexin Exitosa
[18-Nov-2024 04:35:35 America/Tegucigalpa] Esto es una prueba de un error
[18-Nov-2024 04:35:52 America/Tegucigalpa] Conexin Exitosa
[18-Nov-2024 04:35:54 America/Tegucigalpa] Esto es una prueba de un error
[18-Nov-2024 04:37:09 America/Tegucigalpa] Esto es una prueba de un error
[18-Nov-2024 04:38:32 America/Tegucigalpa] Esto es una prueba de un error
[18-Nov-2024 04:41:24 America/Tegucigalpa] Conexin Exitosa
[18-Nov-2024 04:41:26 America/Tegucigalpa] PHP Warning:  Undefined variable $app in C:\xampp\htdocs\api-rest-composer_V2\src\routes\user.php on line 7
[18-Nov-2024 04:41:26 America/Tegucigalpa] PHP Fatal error:  Uncaught Error: Call to a member function get() on null in C:\xampp\htdocs\api-rest-composer_V2\src\routes\user.php:7
Stack trace:
#0 C:\xampp\htdocs\api-rest-composer_V2\public\index.php(28): require()
#1 {main}
  thrown in C:\xampp\htdocs\api-rest-composer_V2\src\routes\user.php on line 7
[18-Nov-2024 04:43:12 America/Tegucigalpa] Conexin Exitosa
[18-Nov-2024 04:43:14 America/Tegucigalpa] Esto es una prueba de un error
[18-Nov-2024 04:50:41 America/Tegucigalpa] Conexin Exitosa
[18-Nov-2024 04:50:43 America/Tegucigalpa] Esto es una prueba de un error
[18-Nov-2024 04:51:26 America/Tegucigalpa] Conexin Exitosa
[18-Nov-2024 04:51:28 America/Tegucigalpa] Esto es una prueba de un error
[18-Nov-2024 04:57:13 America/Tegucigalpa] Conexin Exitosa
[18-Nov-2024 07:31:57 America/Tegucigalpa] Esto es una prueba de un error
[18-Nov-2024 07:31:58 America/Tegucigalpa] Esto es una prueba de un error
[18-Nov-2024 07:32:05 America/Tegucigalpa] Esto es una prueba de un error
[18-Nov-2024 07:32:06 America/Tegucigalpa] Esto es una prueba de un error
[18-Nov-2024 07:43:10 America/Tegucigalpa] Esto es una prueba de un error
[18-Nov-2024 09:41:01 America/Tegucigalpa] Conexin Exitosa
[18-Nov-2024 09:42:58 America/Tegucigalpa] Esto es una prueba de un error
[18-Nov-2024 09:42:59 America/Tegucigalpa] Esto es una prueba de un error
[18-Nov-2024 09:43:26 America/Tegucigalpa] Esto es una prueba de un error
[18-Nov-2024 09:47:23 America/Tegucigalpa] Esto es una prueba de un error
[18-Nov-2024 09:47:23 America/Tegucigalpa] Esto es una prueba de un error
[18-Nov-2024 09:55:28 America/Tegucigalpa] Esto es una prueba de un error
[18-Nov-2024 09:55:29 America/Tegucigalpa] Esto es una prueba de un error
[18-Nov-2024 09:55:30 America/Tegucigalpa] Esto es una prueba de un error
[18-Nov-2024 09:55:30 America/Tegucigalpa] Esto es una prueba de un error
[18-Nov-2024 09:55:31 America/Tegucigalpa] Esto es una prueba de un error
[18-Nov-2024 09:55:31 America/Tegucigalpa] Esto es una prueba de un error
[18-Nov-2024 09:55:55 America/Tegucigalpa] Esto es una prueba de un error
[18-Nov-2024 09:55:56 America/Tegucigalpa] Esto es una prueba de un error
[18-Nov-2024 09:55:56 America/Tegucigalpa] Esto es una prueba de un error
[18-Nov-2024 09:55:56 America/Tegucigalpa] Esto es una prueba de un error
[18-Nov-2024 09:55:57 America/Tegucigalpa] Esto es una prueba de un error
[18-Nov-2024 09:55:57 America/Tegucigalpa] Esto es una prueba de un error
[18-Nov-2024 09:55:57 America/Tegucigalpa] Esto es una prueba de un error
[18-Nov-2024 09:55:57 America/Tegucigalpa] Esto es una prueba de un error
[18-Nov-2024 09:58:10 America/Tegucigalpa] Esto es una prueba de un error
[18-Nov-2024 09:58:10 America/Tegucigalpa] Esto es una prueba de un error
[18-Nov-2024 09:58:11 America/Tegucigalpa] Esto es una prueba de un error
[18-Nov-2024 09:58:11 America/Tegucigalpa] Esto es una prueba de un error
[18-Nov-2024 09:58:11 America/Tegucigalpa] Esto es una prueba de un error
[18-Nov-2024 09:58:11 America/Tegucigalpa] Esto es una prueba de un error
[18-Nov-2024 09:58:14 America/Tegucigalpa] Esto es una prueba de un error
[18-Nov-2024 09:58:14 America/Tegucigalpa] Esto es una prueba de un error
[18-Nov-2024 09:58:52 America/Tegucigalpa] Esto es una prueba de un error
[18-Nov-2024 09:58:52 America/Tegucigalpa] Esto es una prueba de un error
[18-Nov-2024 09:59:11 America/Tegucigalpa] Esto es una prueba de un error
[18-Nov-2024 09:59:11 America/Tegucigalpa] Esto es una prueba de un error
[18-Nov-2024 09:59:14 America/Tegucigalpa] Esto es una prueba de un error
[18-Nov-2024 09:59:14 America/Tegucigalpa] Esto es una prueba de un error
[18-Nov-2024 10:02:08 America/Tegucigalpa] Esto es una prueba de un error
[18-Nov-2024 10:02:09 America/Tegucigalpa] Esto es una prueba de un error
[18-Nov-2024 10:02:13 America/Tegucigalpa] Esto es una prueba de un error
[18-Nov-2024 10:02:13 America/Tegucigalpa] Esto es una prueba de un error
[18-Nov-2024 10:02:29 America/Tegucigalpa] Esto es una prueba de un error
[18-Nov-2024 10:02:29 America/Tegucigalpa] Esto es una prueba de un error
[18-Nov-2024 10:05:41 America/Tegucigalpa] Esto es una prueba de un error
[18-Nov-2024 10:05:41 America/Tegucigalpa] Esto es una prueba de un error
[18-Nov-2024 10:05:42 America/Tegucigalpa] Esto es una prueba de un error
[18-Nov-2024 10:05:42 America/Tegucigalpa] Esto es una prueba de un error
[18-Nov-2024 10:05:42 America/Tegucigalpa] Esto es una prueba de un error
[18-Nov-2024 10:05:42 America/Tegucigalpa] Esto es una prueba de un error
[18-Nov-2024 10:05:42 America/Tegucigalpa] Esto es una prueba de un error
[18-Nov-2024 10:05:42 America/Tegucigalpa] Esto es una prueba de un error
[18-Nov-2024 10:05:42 America/Tegucigalpa] Esto es una prueba de un error
[18-Nov-2024 10:05:43 America/Tegucigalpa] Esto es una prueba de un error
[18-Nov-2024 10:05:43 America/Tegucigalpa] Esto es una prueba de un error
[18-Nov-2024 10:05:43 America/Tegucigalpa] Esto es una prueba de un error
[18-Nov-2024 10:05:43 America/Tegucigalpa] Esto es una prueba de un error
[18-Nov-2024 10:05:43 America/Tegucigalpa] Esto es una prueba de un error
[18-Nov-2024 10:05:43 America/Tegucigalpa] Esto es una prueba de un error
[18-Nov-2024 10:05:43 America/Tegucigalpa] Esto es una prueba de un error
[18-Nov-2024 10:05:43 America/Tegucigalpa] Esto es una prueba de un error
[18-Nov-2024 10:05:44 America/Tegucigalpa] Esto es una prueba de un error
[18-Nov-2024 10:05:44 America/Tegucigalpa] Esto es una prueba de un error
[18-Nov-2024 10:05:45 America/Tegucigalpa] Esto es una prueba de un error
[18-Nov-2024 10:05:45 America/Tegucigalpa] Esto es una prueba de un error
[18-Nov-2024 10:05:45 America/Tegucigalpa] Esto es una prueba de un error
[18-Nov-2024 10:07:32 America/Tegucigalpa] Esto es una prueba de un error
[18-Nov-2024 10:07:33 America/Tegucigalpa] Esto es una prueba de un error
[18-Nov-2024 10:07:33 America/Tegucigalpa] Esto es una prueba de un error
[18-Nov-2024 10:07:33 America/Tegucigalpa] Esto es una prueba de un error
[18-Nov-2024 10:07:34 America/Tegucigalpa] Esto es una prueba de un error
[18-Nov-2024 10:07:34 America/Tegucigalpa] Esto es una prueba de un error
[18-Nov-2024 10:07:34 America/Tegucigalpa] Esto es una prueba de un error
[18-Nov-2024 10:07:34 America/Tegucigalpa] Esto es una prueba de un error
[18-Nov-2024 10:07:34 America/Tegucigalpa] Esto es una prueba de un error
[18-Nov-2024 10:07:34 America/Tegucigalpa] Esto es una prueba de un error
[18-Nov-2024 10:07:36 America/Tegucigalpa] Esto es una prueba de un error
[18-Nov-2024 10:07:36 America/Tegucigalpa] Esto es una prueba de un error
[18-Nov-2024 10:08:41 America/Tegucigalpa] Conexin Exitosa
[18-Nov-2024 10:08:49 America/Tegucigalpa] Conexin Exitosa
[18-Nov-2024 10:09:19 America/Tegucigalpa] Conexin Exitosa
[18-Nov-2024 10:18:51 America/Tegucigalpa] Esto es una prueba de un error
[18-Nov-2024 10:18:51 America/Tegucigalpa] Esto es una prueba de un error
